
*** Running vivado
    with args -log hdmi_auto_us_1.vds -m64 -product Vivado -mode batch -messageDb vivado.pb -notrace -source hdmi_auto_us_1.tcl


****** Vivado v2018.2 (64-bit)
  **** SW Build 2258646 on Thu Jun 14 20:03:12 MDT 2018
  **** IP Build 2256618 on Thu Jun 14 22:10:49 MDT 2018
    ** Copyright 1986-2018 Xilinx, Inc. All Rights Reserved.

Sourcing tcl script 'C:/Users/Tristan/AppData/Roaming/Xilinx/Vivado/Vivado_init.tcl'
source hdmi_auto_us_1.tcl -notrace
WARNING: [Board 49-91] Board repository path 'C:/Users/Tristan/Documents/Tools/vivado-boards-master/vivado-boards/new/board_files' does not exist, it will not be used to search board files.
Command: synth_design -top hdmi_auto_us_1 -part xc7a200tsbg484-1 -mode out_of_context
Starting synth_design
Attempting to get a license for feature 'Synthesis' and/or device 'xc7a200t'
INFO: [Common 17-349] Got license for feature 'Synthesis' and/or device 'xc7a200t'
INFO: Launching helper process for spawning children vivado processes
INFO: Helper process launched with PID 4740 
---------------------------------------------------------------------------------
Starting RTL Elaboration : Time (s): cpu = 00:00:07 ; elapsed = 00:00:11 . Memory (MB): peak = 429.055 ; gain = 110.469
---------------------------------------------------------------------------------
INFO: [Synth 8-6157] synthesizing module 'hdmi_auto_us_1' [c:/Users/Tristan/Desktop/Nexys-Video-HDMI-master/proj/Nexys-Video-HDMI-master.srcs/sources_1/bd/hdmi/ip/hdmi_auto_us_1/synth/hdmi_auto_us_1.v:58]
INFO: [Synth 8-6157] synthesizing module 'axi_dwidth_converter_v2_1_17_top' [c:/Users/Tristan/Desktop/Nexys-Video-HDMI-master/proj/Nexys-Video-HDMI-master.srcs/sources_1/bd/hdmi/ipshared/2839/hdl/axi_dwidth_converter_v2_1_vlsyn_rfs.v:14462]
	Parameter C_FAMILY bound to: artix7 - type: string 
	Parameter C_AXI_PROTOCOL bound to: 0 - type: integer 
	Parameter C_S_AXI_ID_WIDTH bound to: 1 - type: integer 
	Parameter C_SUPPORTS_ID bound to: 0 - type: integer 
	Parameter C_AXI_ADDR_WIDTH bound to: 32 - type: integer 
	Parameter C_S_AXI_DATA_WIDTH bound to: 128 - type: integer 
	Parameter C_M_AXI_DATA_WIDTH bound to: 256 - type: integer 
	Parameter C_AXI_SUPPORTS_WRITE bound to: 1 - type: integer 
	Parameter C_AXI_SUPPORTS_READ bound to: 0 - type: integer 
	Parameter C_FIFO_MODE bound to: 0 - type: integer 
	Parameter C_S_AXI_ACLK_RATIO bound to: 1 - type: integer 
	Parameter C_M_AXI_ACLK_RATIO bound to: 2 - type: integer 
	Parameter C_AXI_IS_ACLK_ASYNC bound to: 0 - type: integer 
	Parameter C_MAX_SPLIT_BEATS bound to: 16 - type: integer 
	Parameter C_PACKING_LEVEL bound to: 1 - type: integer 
	Parameter C_SYNCHRONIZER_STAGE bound to: 3 - type: integer 
	Parameter C_S_AXI_BYTES_LOG bound to: 4 - type: integer 
	Parameter C_M_AXI_BYTES_LOG bound to: 5 - type: integer 
	Parameter C_RATIO bound to: 0 - type: integer 
	Parameter C_RATIO_LOG bound to: 0 - type: integer 
	Parameter P_AXI4 bound to: 0 - type: integer 
	Parameter P_AXI3 bound to: 1 - type: integer 
	Parameter P_AXILITE bound to: 2 - type: integer 
	Parameter P_CONVERSION bound to: 2 - type: integer 
	Parameter P_MAX_SPLIT_BEATS bound to: 16 - type: integer 
INFO: [Synth 8-5534] Detected attribute (* KEEP = "TRUE" *) [c:/Users/Tristan/Desktop/Nexys-Video-HDMI-master/proj/Nexys-Video-HDMI-master.srcs/sources_1/bd/hdmi/ipshared/2839/hdl/axi_dwidth_converter_v2_1_vlsyn_rfs.v:14513]
INFO: [Synth 8-5534] Detected attribute (* KEEP = "TRUE" *) [c:/Users/Tristan/Desktop/Nexys-Video-HDMI-master/proj/Nexys-Video-HDMI-master.srcs/sources_1/bd/hdmi/ipshared/2839/hdl/axi_dwidth_converter_v2_1_vlsyn_rfs.v:14514]
INFO: [Synth 8-5534] Detected attribute (* KEEP = "TRUE" *) [c:/Users/Tristan/Desktop/Nexys-Video-HDMI-master/proj/Nexys-Video-HDMI-master.srcs/sources_1/bd/hdmi/ipshared/2839/hdl/axi_dwidth_converter_v2_1_vlsyn_rfs.v:14562]
INFO: [Synth 8-5534] Detected attribute (* KEEP = "TRUE" *) [c:/Users/Tristan/Desktop/Nexys-Video-HDMI-master/proj/Nexys-Video-HDMI-master.srcs/sources_1/bd/hdmi/ipshared/2839/hdl/axi_dwidth_converter_v2_1_vlsyn_rfs.v:14563]
INFO: [Synth 8-6157] synthesizing module 'axi_dwidth_converter_v2_1_17_axi_upsizer' [c:/Users/Tristan/Desktop/Nexys-Video-HDMI-master/proj/Nexys-Video-HDMI-master.srcs/sources_1/bd/hdmi/ipshared/2839/hdl/axi_dwidth_converter_v2_1_vlsyn_rfs.v:7038]
	Parameter C_FAMILY bound to: artix7 - type: string 
	Parameter C_AXI_PROTOCOL bound to: 0 - type: integer 
	Parameter C_S_AXI_ID_WIDTH bound to: 1 - type: integer 
	Parameter C_SUPPORTS_ID bound to: 0 - type: integer 
	Parameter C_AXI_ADDR_WIDTH bound to: 32 - type: integer 
	Parameter C_S_AXI_DATA_WIDTH bound to: 128 - type: integer 
	Parameter C_M_AXI_DATA_WIDTH bound to: 256 - type: integer 
	Parameter C_AXI_SUPPORTS_WRITE bound to: 1 - type: integer 
	Parameter C_AXI_SUPPORTS_READ bound to: 0 - type: integer 
	Parameter C_FIFO_MODE bound to: 0 - type: integer 
	Parameter C_S_AXI_ACLK_RATIO bound to: 1 - type: integer 
	Parameter C_M_AXI_ACLK_RATIO bound to: 2 - type: integer 
	Parameter C_AXI_IS_ACLK_ASYNC bound to: 0 - type: integer 
	Parameter C_PACKING_LEVEL bound to: 1 - type: integer 
	Parameter C_SYNCHRONIZER_STAGE bound to: 3 - type: integer 
	Parameter C_S_AXI_BYTES_LOG bound to: 4 - type: integer 
	Parameter C_M_AXI_BYTES_LOG bound to: 5 - type: integer 
	Parameter C_RATIO bound to: 2 - type: integer 
	Parameter C_RATIO_LOG bound to: 1 - type: integer 
	Parameter P_BYPASS bound to: 0 - type: integer 
	Parameter P_LIGHTWT bound to: 7 - type: integer 
	Parameter P_FWD_REV bound to: 1 - type: integer 
	Parameter P_CONV_LIGHT_WT bound to: 0 - type: integer 
	Parameter P_AXI4 bound to: 0 - type: integer 
	Parameter C_FIFO_DEPTH_LOG bound to: 5 - type: integer 
	Parameter P_SI_LT_MI bound to: 1'b1 
	Parameter P_ACLK_RATIO bound to: 2 - type: integer 
	Parameter P_NO_FIFO bound to: 0 - type: integer 
	Parameter P_PKTFIFO bound to: 1 - type: integer 
	Parameter P_PKTFIFO_CLK bound to: 2 - type: integer 
	Parameter P_DATAFIFO bound to: 3 - type: integer 
	Parameter P_DATAFIFO_CLK bound to: 4 - type: integer 
	Parameter P_CLK_CONV bound to: 1'b0 
	Parameter C_M_AXI_AW_REGISTER bound to: 0 - type: integer 
	Parameter C_M_AXI_W_REGISTER bound to: 1 - type: integer 
	Parameter C_M_AXI_AR_REGISTER bound to: 0 - type: integer 
	Parameter C_S_AXI_R_REGISTER bound to: 0 - type: integer 
	Parameter C_M_AXI_R_REGISTER bound to: 1 - type: integer 
	Parameter P_RID_QUEUE bound to: 0 - type: integer 
INFO: [Synth 8-6157] synthesizing module 'axi_dwidth_converter_v2_1_17_w_upsizer' [c:/Users/Tristan/Desktop/Nexys-Video-HDMI-master/proj/Nexys-Video-HDMI-master.srcs/sources_1/bd/hdmi/ipshared/2839/hdl/axi_dwidth_converter_v2_1_vlsyn_rfs.v:5563]
	Parameter C_FAMILY bound to: rtl - type: string 
	Parameter C_S_AXI_DATA_WIDTH bound to: 128 - type: integer 
	Parameter C_M_AXI_DATA_WIDTH bound to: 256 - type: integer 
	Parameter C_M_AXI_REGISTER bound to: 1 - type: integer 
	Parameter C_PACKING_LEVEL bound to: 1 - type: integer 
	Parameter C_S_AXI_BYTES_LOG bound to: 4 - type: integer 
	Parameter C_M_AXI_BYTES_LOG bound to: 5 - type: integer 
	Parameter C_RATIO bound to: 2 - type: integer 
	Parameter C_RATIO_LOG bound to: 1 - type: integer 
	Parameter C_NEVER_PACK bound to: 0 - type: integer 
	Parameter C_DEFAULT_PACK bound to: 1 - type: integer 
	Parameter C_ALWAYS_PACK bound to: 2 - type: integer 
INFO: [Synth 8-6155] done synthesizing module 'axi_dwidth_converter_v2_1_17_w_upsizer' (1#1) [c:/Users/Tristan/Desktop/Nexys-Video-HDMI-master/proj/Nexys-Video-HDMI-master.srcs/sources_1/bd/hdmi/ipshared/2839/hdl/axi_dwidth_converter_v2_1_vlsyn_rfs.v:5563]
INFO: [Synth 8-6157] synthesizing module 'axi_dwidth_converter_v2_1_17_a_upsizer' [c:/Users/Tristan/Desktop/Nexys-Video-HDMI-master/proj/Nexys-Video-HDMI-master.srcs/sources_1/bd/hdmi/ipshared/2839/hdl/axi_dwidth_converter_v2_1_vlsyn_rfs.v:3603]
	Parameter C_FAMILY bound to: rtl - type: string 
	Parameter C_AXI_PROTOCOL bound to: 0 - type: integer 
	Parameter C_AXI_ID_WIDTH bound to: 1 - type: integer 
	Parameter C_SUPPORTS_ID bound to: 0 - type: integer 
	Parameter C_AXI_ADDR_WIDTH bound to: 32 - type: integer 
	Parameter C_S_AXI_DATA_WIDTH bound to: 128 - type: integer 
	Parameter C_M_AXI_DATA_WIDTH bound to: 256 - type: integer 
	Parameter C_M_AXI_REGISTER bound to: 0 - type: integer 
	Parameter C_AXI_CHANNEL bound to: 0 - type: integer 
	Parameter C_PACKING_LEVEL bound to: 1 - type: integer 
	Parameter C_FIFO_MODE bound to: 0 - type: integer 
	Parameter C_ID_QUEUE bound to: 0 - type: integer 
	Parameter C_S_AXI_BYTES_LOG bound to: 4 - type: integer 
	Parameter C_M_AXI_BYTES_LOG bound to: 5 - type: integer 
	Parameter C_S_AXI_NATIVE_SIZE bound to: 3'b100 
	Parameter C_M_AXI_NATIVE_SIZE bound to: 3'b101 
	Parameter C_DOUBLE_LEN bound to: 24'b000000000000000011111111 
	Parameter C_FIX_BURST bound to: 2'b00 
	Parameter C_INCR_BURST bound to: 2'b01 
	Parameter C_WRAP_BURST bound to: 2'b10 
	Parameter C_NEVER_PACK bound to: 0 - type: integer 
	Parameter C_DEFAULT_PACK bound to: 1 - type: integer 
	Parameter C_ALWAYS_PACK bound to: 2 - type: integer 
	Parameter C_FIFO_DEPTH_LOG bound to: 5 - type: integer 
	Parameter C_BURST_BYTES_LOG bound to: 8 - type: integer 
	Parameter C_SI_UNUSED_LOG bound to: 28 - type: integer 
	Parameter C_MI_UNUSED_LOG bound to: 27 - type: integer 
INFO: [Synth 8-6157] synthesizing module 'generic_baseblocks_v2_1_0_command_fifo' [c:/Users/Tristan/Desktop/Nexys-Video-HDMI-master/proj/Nexys-Video-HDMI-master.srcs/sources_1/bd/hdmi/ipshared/b752/hdl/generic_baseblocks_v2_1_vl_rfs.v:655]
	Parameter C_FAMILY bound to: rtl - type: string 
	Parameter C_ENABLE_S_VALID_CARRY bound to: 1 - type: integer 
	Parameter C_ENABLE_REGISTERED_OUTPUT bound to: 1 - type: integer 
	Parameter C_FIFO_DEPTH_LOG bound to: 5 - type: integer 
	Parameter C_FIFO_WIDTH bound to: 42 - type: integer 
INFO: [Synth 8-6155] done synthesizing module 'generic_baseblocks_v2_1_0_command_fifo' (2#1) [c:/Users/Tristan/Desktop/Nexys-Video-HDMI-master/proj/Nexys-Video-HDMI-master.srcs/sources_1/bd/hdmi/ipshared/b752/hdl/generic_baseblocks_v2_1_vl_rfs.v:655]
INFO: [Synth 8-6155] done synthesizing module 'axi_dwidth_converter_v2_1_17_a_upsizer' (3#1) [c:/Users/Tristan/Desktop/Nexys-Video-HDMI-master/proj/Nexys-Video-HDMI-master.srcs/sources_1/bd/hdmi/ipshared/2839/hdl/axi_dwidth_converter_v2_1_vlsyn_rfs.v:3603]
INFO: [Synth 8-6157] synthesizing module 'axi_register_slice_v2_1_17_axi_register_slice' [c:/Users/Tristan/Desktop/Nexys-Video-HDMI-master/proj/Nexys-Video-HDMI-master.srcs/sources_1/bd/hdmi/ipshared/6020/hdl/axi_register_slice_v2_1_vl_rfs.v:2417]
	Parameter C_FAMILY bound to: artix7 - type: string 
	Parameter C_AXI_PROTOCOL bound to: 0 - type: integer 
	Parameter C_AXI_ID_WIDTH bound to: 1 - type: integer 
	Parameter C_AXI_ADDR_WIDTH bound to: 32 - type: integer 
	Parameter C_AXI_DATA_WIDTH bound to: 128 - type: integer 
	Parameter C_AXI_SUPPORTS_USER_SIGNALS bound to: 0 - type: integer 
	Parameter C_AXI_AWUSER_WIDTH bound to: 1 - type: integer 
	Parameter C_AXI_ARUSER_WIDTH bound to: 1 - type: integer 
	Parameter C_AXI_WUSER_WIDTH bound to: 1 - type: integer 
	Parameter C_AXI_RUSER_WIDTH bound to: 1 - type: integer 
	Parameter C_AXI_BUSER_WIDTH bound to: 1 - type: integer 
	Parameter C_REG_CONFIG_AW bound to: 7 - type: integer 
	Parameter C_REG_CONFIG_W bound to: 1 - type: integer 
	Parameter C_REG_CONFIG_B bound to: 7 - type: integer 
	Parameter C_REG_CONFIG_AR bound to: 0 - type: integer 
	Parameter C_REG_CONFIG_R bound to: 1 - type: integer 
	Parameter C_NUM_SLR_CROSSINGS bound to: 0 - type: integer 
	Parameter C_PIPELINES_MASTER_AW bound to: 0 - type: integer 
	Parameter C_PIPELINES_MASTER_W bound to: 0 - type: integer 
	Parameter C_PIPELINES_MASTER_B bound to: 0 - type: integer 
	Parameter C_PIPELINES_MASTER_AR bound to: 0 - type: integer 
	Parameter C_PIPELINES_MASTER_R bound to: 0 - type: integer 
	Parameter C_PIPELINES_SLAVE_AW bound to: 0 - type: integer 
	Parameter C_PIPELINES_SLAVE_W bound to: 0 - type: integer 
	Parameter C_PIPELINES_SLAVE_B bound to: 0 - type: integer 
	Parameter C_PIPELINES_SLAVE_AR bound to: 0 - type: integer 
	Parameter C_PIPELINES_SLAVE_R bound to: 0 - type: integer 
	Parameter C_PIPELINES_MIDDLE_AW bound to: 0 - type: integer 
	Parameter C_PIPELINES_MIDDLE_W bound to: 0 - type: integer 
	Parameter C_PIPELINES_MIDDLE_B bound to: 0 - type: integer 
	Parameter C_PIPELINES_MIDDLE_AR bound to: 0 - type: integer 
	Parameter C_PIPELINES_MIDDLE_R bound to: 0 - type: integer 
	Parameter C_AXI_SUPPORTS_REGION_SIGNALS bound to: 1 - type: integer 
	Parameter P_FORWARD bound to: 0 - type: integer 
	Parameter P_RESPONSE bound to: 1 - type: integer 
	Parameter G_AXI_AWADDR_INDEX bound to: 0 - type: integer 
	Parameter G_AXI_AWADDR_WIDTH bound to: 32 - type: integer 
	Parameter G_AXI_AWPROT_INDEX bound to: 32 - type: integer 
	Parameter G_AXI_AWPROT_WIDTH bound to: 3 - type: integer 
	Parameter G_AXI_AWSIZE_INDEX bound to: 35 - type: integer 
	Parameter G_AXI_AWSIZE_WIDTH bound to: 3 - type: integer 
	Parameter G_AXI_AWBURST_INDEX bound to: 38 - type: integer 
	Parameter G_AXI_AWBURST_WIDTH bound to: 2 - type: integer 
	Parameter G_AXI_AWCACHE_INDEX bound to: 40 - type: integer 
	Parameter G_AXI_AWCACHE_WIDTH bound to: 4 - type: integer 
	Parameter G_AXI_AWLEN_INDEX bound to: 44 - type: integer 
	Parameter G_AXI_AWLEN_WIDTH bound to: 8 - type: integer 
	Parameter G_AXI_AWLOCK_INDEX bound to: 52 - type: integer 
	Parameter G_AXI_AWLOCK_WIDTH bound to: 1 - type: integer 
	Parameter G_AXI_AWID_INDEX bound to: 53 - type: integer 
	Parameter G_AXI_AWID_WIDTH bound to: 1 - type: integer 
	Parameter G_AXI_AWQOS_INDEX bound to: 54 - type: integer 
	Parameter G_AXI_AWQOS_WIDTH bound to: 4 - type: integer 
	Parameter G_AXI_AWREGION_INDEX bound to: 58 - type: integer 
	Parameter G_AXI_AWREGION_WIDTH bound to: 4 - type: integer 
	Parameter G_AXI_AWUSER_INDEX bound to: 62 - type: integer 
	Parameter G_AXI_AWUSER_WIDTH bound to: 0 - type: integer 
	Parameter G_AXI_AWPAYLOAD_WIDTH bound to: 62 - type: integer 
	Parameter G_AXI_ARADDR_INDEX bound to: 0 - type: integer 
	Parameter G_AXI_ARADDR_WIDTH bound to: 32 - type: integer 
	Parameter G_AXI_ARPROT_INDEX bound to: 32 - type: integer 
	Parameter G_AXI_ARPROT_WIDTH bound to: 3 - type: integer 
	Parameter G_AXI_ARSIZE_INDEX bound to: 35 - type: integer 
	Parameter G_AXI_ARSIZE_WIDTH bound to: 3 - type: integer 
	Parameter G_AXI_ARBURST_INDEX bound to: 38 - type: integer 
	Parameter G_AXI_ARBURST_WIDTH bound to: 2 - type: integer 
	Parameter G_AXI_ARCACHE_INDEX bound to: 40 - type: integer 
	Parameter G_AXI_ARCACHE_WIDTH bound to: 4 - type: integer 
	Parameter G_AXI_ARLEN_INDEX bound to: 44 - type: integer 
	Parameter G_AXI_ARLEN_WIDTH bound to: 8 - type: integer 
	Parameter G_AXI_ARLOCK_INDEX bound to: 52 - type: integer 
	Parameter G_AXI_ARLOCK_WIDTH bound to: 1 - type: integer 
	Parameter G_AXI_ARID_INDEX bound to: 53 - type: integer 
	Parameter G_AXI_ARID_WIDTH bound to: 1 - type: integer 
	Parameter G_AXI_ARQOS_INDEX bound to: 54 - type: integer 
	Parameter G_AXI_ARQOS_WIDTH bound to: 4 - type: integer 
	Parameter G_AXI_ARREGION_INDEX bound to: 58 - type: integer 
	Parameter G_AXI_ARREGION_WIDTH bound to: 4 - type: integer 
	Parameter G_AXI_ARUSER_INDEX bound to: 62 - type: integer 
	Parameter G_AXI_ARUSER_WIDTH bound to: 0 - type: integer 
	Parameter G_AXI_ARPAYLOAD_WIDTH bound to: 62 - type: integer 
	Parameter G_AXI_WDATA_INDEX bound to: 0 - type: integer 
	Parameter G_AXI_WDATA_WIDTH bound to: 128 - type: integer 
	Parameter G_AXI_WSTRB_INDEX bound to: 128 - type: integer 
	Parameter G_AXI_WSTRB_WIDTH bound to: 16 - type: integer 
	Parameter G_AXI_WLAST_INDEX bound to: 144 - type: integer 
	Parameter G_AXI_WLAST_WIDTH bound to: 1 - type: integer 
	Parameter G_AXI_WID_INDEX bound to: 145 - type: integer 
	Parameter G_AXI_WID_WIDTH bound to: 0 - type: integer 
	Parameter G_AXI_WUSER_INDEX bound to: 145 - type: integer 
	Parameter G_AXI_WUSER_WIDTH bound to: 0 - type: integer 
	Parameter G_AXI_WPAYLOAD_WIDTH bound to: 145 - type: integer 
	Parameter G_AXI_BRESP_INDEX bound to: 0 - type: integer 
	Parameter G_AXI_BRESP_WIDTH bound to: 2 - type: integer 
	Parameter G_AXI_BID_INDEX bound to: 2 - type: integer 
	Parameter G_AXI_BID_WIDTH bound to: 1 - type: integer 
	Parameter G_AXI_BUSER_INDEX bound to: 3 - type: integer 
	Parameter G_AXI_BUSER_WIDTH bound to: 0 - type: integer 
	Parameter G_AXI_BPAYLOAD_WIDTH bound to: 3 - type: integer 
	Parameter G_AXI_RDATA_INDEX bound to: 0 - type: integer 
	Parameter G_AXI_RDATA_WIDTH bound to: 128 - type: integer 
	Parameter G_AXI_RRESP_INDEX bound to: 128 - type: integer 
	Parameter G_AXI_RRESP_WIDTH bound to: 2 - type: integer 
	Parameter G_AXI_RLAST_INDEX bound to: 130 - type: integer 
	Parameter G_AXI_RLAST_WIDTH bound to: 1 - type: integer 
	Parameter G_AXI_RID_INDEX bound to: 131 - type: integer 
	Parameter G_AXI_RID_WIDTH bound to: 1 - type: integer 
	Parameter G_AXI_RUSER_INDEX bound to: 132 - type: integer 
	Parameter G_AXI_RUSER_WIDTH bound to: 0 - type: integer 
	Parameter G_AXI_RPAYLOAD_WIDTH bound to: 132 - type: integer 
INFO: [Synth 8-6157] synthesizing module 'axi_register_slice_v2_1_17_axic_register_slice' [c:/Users/Tristan/Desktop/Nexys-Video-HDMI-master/proj/Nexys-Video-HDMI-master.srcs/sources_1/bd/hdmi/ipshared/6020/hdl/axi_register_slice_v2_1_vl_rfs.v:189]
	Parameter C_FAMILY bound to: artix7 - type: string 
	Parameter C_DATA_WIDTH bound to: 62 - type: integer 
	Parameter C_REG_CONFIG bound to: 7 - type: integer 
INFO: [Synth 8-6155] done synthesizing module 'axi_register_slice_v2_1_17_axic_register_slice' (4#1) [c:/Users/Tristan/Desktop/Nexys-Video-HDMI-master/proj/Nexys-Video-HDMI-master.srcs/sources_1/bd/hdmi/ipshared/6020/hdl/axi_register_slice_v2_1_vl_rfs.v:189]
INFO: [Synth 8-6157] synthesizing module 'axi_register_slice_v2_1_17_axic_register_slice__parameterized0' [c:/Users/Tristan/Desktop/Nexys-Video-HDMI-master/proj/Nexys-Video-HDMI-master.srcs/sources_1/bd/hdmi/ipshared/6020/hdl/axi_register_slice_v2_1_vl_rfs.v:189]
	Parameter C_FAMILY bound to: artix7 - type: string 
	Parameter C_DATA_WIDTH bound to: 145 - type: integer 
	Parameter C_REG_CONFIG bound to: 1 - type: integer 
INFO: [Synth 8-6155] done synthesizing module 'axi_register_slice_v2_1_17_axic_register_slice__parameterized0' (4#1) [c:/Users/Tristan/Desktop/Nexys-Video-HDMI-master/proj/Nexys-Video-HDMI-master.srcs/sources_1/bd/hdmi/ipshared/6020/hdl/axi_register_slice_v2_1_vl_rfs.v:189]
INFO: [Synth 8-6157] synthesizing module 'axi_register_slice_v2_1_17_axic_register_slice__parameterized1' [c:/Users/Tristan/Desktop/Nexys-Video-HDMI-master/proj/Nexys-Video-HDMI-master.srcs/sources_1/bd/hdmi/ipshared/6020/hdl/axi_register_slice_v2_1_vl_rfs.v:189]
	Parameter C_FAMILY bound to: artix7 - type: string 
	Parameter C_DATA_WIDTH bound to: 3 - type: integer 
	Parameter C_REG_CONFIG bound to: 7 - type: integer 
INFO: [Synth 8-6155] done synthesizing module 'axi_register_slice_v2_1_17_axic_register_slice__parameterized1' (4#1) [c:/Users/Tristan/Desktop/Nexys-Video-HDMI-master/proj/Nexys-Video-HDMI-master.srcs/sources_1/bd/hdmi/ipshared/6020/hdl/axi_register_slice_v2_1_vl_rfs.v:189]
INFO: [Synth 8-6157] synthesizing module 'axi_register_slice_v2_1_17_axic_register_slice__parameterized2' [c:/Users/Tristan/Desktop/Nexys-Video-HDMI-master/proj/Nexys-Video-HDMI-master.srcs/sources_1/bd/hdmi/ipshared/6020/hdl/axi_register_slice_v2_1_vl_rfs.v:189]
	Parameter C_FAMILY bound to: artix7 - type: string 
	Parameter C_DATA_WIDTH bound to: 62 - type: integer 
	Parameter C_REG_CONFIG bound to: 0 - type: integer 
INFO: [Synth 8-6155] done synthesizing module 'axi_register_slice_v2_1_17_axic_register_slice__parameterized2' (4#1) [c:/Users/Tristan/Desktop/Nexys-Video-HDMI-master/proj/Nexys-Video-HDMI-master.srcs/sources_1/bd/hdmi/ipshared/6020/hdl/axi_register_slice_v2_1_vl_rfs.v:189]
INFO: [Synth 8-6157] synthesizing module 'axi_register_slice_v2_1_17_axic_register_slice__parameterized3' [c:/Users/Tristan/Desktop/Nexys-Video-HDMI-master/proj/Nexys-Video-HDMI-master.srcs/sources_1/bd/hdmi/ipshared/6020/hdl/axi_register_slice_v2_1_vl_rfs.v:189]
	Parameter C_FAMILY bound to: artix7 - type: string 
	Parameter C_DATA_WIDTH bound to: 132 - type: integer 
	Parameter C_REG_CONFIG bound to: 1 - type: integer 
INFO: [Synth 8-6155] done synthesizing module 'axi_register_slice_v2_1_17_axic_register_slice__parameterized3' (4#1) [c:/Users/Tristan/Desktop/Nexys-Video-HDMI-master/proj/Nexys-Video-HDMI-master.srcs/sources_1/bd/hdmi/ipshared/6020/hdl/axi_register_slice_v2_1_vl_rfs.v:189]
INFO: [Synth 8-6157] synthesizing module 'axi_infrastructure_v1_1_0_axi2vector' [c:/Users/Tristan/Desktop/Nexys-Video-HDMI-master/proj/Nexys-Video-HDMI-master.srcs/sources_1/bd/hdmi/ipshared/ec67/hdl/axi_infrastructure_v1_1_vl_rfs.v:60]
	Parameter C_AXI_PROTOCOL bound to: 0 - type: integer 
	Parameter C_AXI_ID_WIDTH bound to: 1 - type: integer 
	Parameter C_AXI_ADDR_WIDTH bound to: 32 - type: integer 
	Parameter C_AXI_DATA_WIDTH bound to: 128 - type: integer 
	Parameter C_AXI_SUPPORTS_USER_SIGNALS bound to: 0 - type: integer 
	Parameter C_AXI_SUPPORTS_REGION_SIGNALS bound to: 1 - type: integer 
	Parameter C_AXI_AWUSER_WIDTH bound to: 1 - type: integer 
	Parameter C_AXI_WUSER_WIDTH bound to: 1 - type: integer 
	Parameter C_AXI_BUSER_WIDTH bound to: 1 - type: integer 
	Parameter C_AXI_ARUSER_WIDTH bound to: 1 - type: integer 
	Parameter C_AXI_RUSER_WIDTH bound to: 1 - type: integer 
	Parameter C_AWPAYLOAD_WIDTH bound to: 62 - type: integer 
	Parameter C_WPAYLOAD_WIDTH bound to: 145 - type: integer 
	Parameter C_BPAYLOAD_WIDTH bound to: 3 - type: integer 
	Parameter C_ARPAYLOAD_WIDTH bound to: 62 - type: integer 
	Parameter C_RPAYLOAD_WIDTH bound to: 132 - type: integer 
	Parameter G_AXI_AWADDR_INDEX bound to: 0 - type: integer 
	Parameter G_AXI_AWADDR_WIDTH bound to: 32 - type: integer 
	Parameter G_AXI_AWPROT_INDEX bound to: 32 - type: integer 
	Parameter G_AXI_AWPROT_WIDTH bound to: 3 - type: integer 
	Parameter G_AXI_AWSIZE_INDEX bound to: 35 - type: integer 
	Parameter G_AXI_AWSIZE_WIDTH bound to: 3 - type: integer 
	Parameter G_AXI_AWBURST_INDEX bound to: 38 - type: integer 
	Parameter G_AXI_AWBURST_WIDTH bound to: 2 - type: integer 
	Parameter G_AXI_AWCACHE_INDEX bound to: 40 - type: integer 
	Parameter G_AXI_AWCACHE_WIDTH bound to: 4 - type: integer 
	Parameter G_AXI_AWLEN_INDEX bound to: 44 - type: integer 
	Parameter G_AXI_AWLEN_WIDTH bound to: 8 - type: integer 
	Parameter G_AXI_AWLOCK_INDEX bound to: 52 - type: integer 
	Parameter G_AXI_AWLOCK_WIDTH bound to: 1 - type: integer 
	Parameter G_AXI_AWID_INDEX bound to: 53 - type: integer 
	Parameter G_AXI_AWID_WIDTH bound to: 1 - type: integer 
	Parameter G_AXI_AWQOS_INDEX bound to: 54 - type: integer 
	Parameter G_AXI_AWQOS_WIDTH bound to: 4 - type: integer 
	Parameter G_AXI_AWREGION_INDEX bound to: 58 - type: integer 
	Parameter G_AXI_AWREGION_WIDTH bound to: 4 - type: integer 
	Parameter G_AXI_AWUSER_INDEX bound to: 62 - type: integer 
	Parameter G_AXI_AWUSER_WIDTH bound to: 0 - type: integer 
	Parameter G_AXI_AWPAYLOAD_WIDTH bound to: 62 - type: integer 
	Parameter G_AXI_ARADDR_INDEX bound to: 0 - type: integer 
	Parameter G_AXI_ARADDR_WIDTH bound to: 32 - type: integer 
	Parameter G_AXI_ARPROT_INDEX bound to: 32 - type: integer 
	Parameter G_AXI_ARPROT_WIDTH bound to: 3 - type: integer 
	Parameter G_AXI_ARSIZE_INDEX bound to: 35 - type: integer 
	Parameter G_AXI_ARSIZE_WIDTH bound to: 3 - type: integer 
	Parameter G_AXI_ARBURST_INDEX bound to: 38 - type: integer 
	Parameter G_AXI_ARBURST_WIDTH bound to: 2 - type: integer 
	Parameter G_AXI_ARCACHE_INDEX bound to: 40 - type: integer 
	Parameter G_AXI_ARCACHE_WIDTH bound to: 4 - type: integer 
	Parameter G_AXI_ARLEN_INDEX bound to: 44 - type: integer 
	Parameter G_AXI_ARLEN_WIDTH bound to: 8 - type: integer 
	Parameter G_AXI_ARLOCK_INDEX bound to: 52 - type: integer 
	Parameter G_AXI_ARLOCK_WIDTH bound to: 1 - type: integer 
	Parameter G_AXI_ARID_INDEX bound to: 53 - type: integer 
	Parameter G_AXI_ARID_WIDTH bound to: 1 - type: integer 
	Parameter G_AXI_ARQOS_INDEX bound to: 54 - type: integer 
	Parameter G_AXI_ARQOS_WIDTH bound to: 4 - type: integer 
	Parameter G_AXI_ARREGION_INDEX bound to: 58 - type: integer 
	Parameter G_AXI_ARREGION_WIDTH bound to: 4 - type: integer 
	Parameter G_AXI_ARUSER_INDEX bound to: 62 - type: integer 
	Parameter G_AXI_ARUSER_WIDTH bound to: 0 - type: integer 
	Parameter G_AXI_ARPAYLOAD_WIDTH bound to: 62 - type: integer 
	Parameter G_AXI_WDATA_INDEX bound to: 0 - type: integer 
	Parameter G_AXI_WDATA_WIDTH bound to: 128 - type: integer 
	Parameter G_AXI_WSTRB_INDEX bound to: 128 - type: integer 
	Parameter G_AXI_WSTRB_WIDTH bound to: 16 - type: integer 
	Parameter G_AXI_WLAST_INDEX bound to: 144 - type: integer 
	Parameter G_AXI_WLAST_WIDTH bound to: 1 - type: integer 
	Parameter G_AXI_WID_INDEX bound to: 145 - type: integer 
	Parameter G_AXI_WID_WIDTH bound to: 0 - type: integer 
	Parameter G_AXI_WUSER_INDEX bound to: 145 - type: integer 
	Parameter G_AXI_WUSER_WIDTH bound to: 0 - type: integer 
	Parameter G_AXI_WPAYLOAD_WIDTH bound to: 145 - type: integer 
	Parameter G_AXI_BRESP_INDEX bound to: 0 - type: integer 
	Parameter G_AXI_BRESP_WIDTH bound to: 2 - type: integer 
	Parameter G_AXI_BID_INDEX bound to: 2 - type: integer 
	Parameter G_AXI_BID_WIDTH bound to: 1 - type: integer 
	Parameter G_AXI_BUSER_INDEX bound to: 3 - type: integer 
	Parameter G_AXI_BUSER_WIDTH bound to: 0 - type: integer 
	Parameter G_AXI_BPAYLOAD_WIDTH bound to: 3 - type: integer 
	Parameter G_AXI_RDATA_INDEX bound to: 0 - type: integer 
	Parameter G_AXI_RDATA_WIDTH bound to: 128 - type: integer 
	Parameter G_AXI_RRESP_INDEX bound to: 128 - type: integer 
	Parameter G_AXI_RRESP_WIDTH bound to: 2 - type: integer 
	Parameter G_AXI_RLAST_INDEX bound to: 130 - type: integer 
	Parameter G_AXI_RLAST_WIDTH bound to: 1 - type: integer 
	Parameter G_AXI_RID_INDEX bound to: 131 - type: integer 
	Parameter G_AXI_RID_WIDTH bound to: 1 - type: integer 
	Parameter G_AXI_RUSER_INDEX bound to: 132 - type: integer 
	Parameter G_AXI_RUSER_WIDTH bound to: 0 - type: integer 
	Parameter G_AXI_RPAYLOAD_WIDTH bound to: 132 - type: integer 
INFO: [Synth 8-6155] done synthesizing module 'axi_infrastructure_v1_1_0_axi2vector' (5#1) [c:/Users/Tristan/Desktop/Nexys-Video-HDMI-master/proj/Nexys-Video-HDMI-master.srcs/sources_1/bd/hdmi/ipshared/ec67/hdl/axi_infrastructure_v1_1_vl_rfs.v:60]
INFO: [Synth 8-6157] synthesizing module 'axi_infrastructure_v1_1_0_vector2axi' [c:/Users/Tristan/Desktop/Nexys-Video-HDMI-master/proj/Nexys-Video-HDMI-master.srcs/sources_1/bd/hdmi/ipshared/ec67/hdl/axi_infrastructure_v1_1_vl_rfs.v:474]
	Parameter C_AXI_PROTOCOL bound to: 0 - type: integer 
	Parameter C_AXI_ID_WIDTH bound to: 1 - type: integer 
	Parameter C_AXI_ADDR_WIDTH bound to: 32 - type: integer 
	Parameter C_AXI_DATA_WIDTH bound to: 128 - type: integer 
	Parameter C_AXI_SUPPORTS_USER_SIGNALS bound to: 0 - type: integer 
	Parameter C_AXI_SUPPORTS_REGION_SIGNALS bound to: 1 - type: integer 
	Parameter C_AXI_AWUSER_WIDTH bound to: 1 - type: integer 
	Parameter C_AXI_WUSER_WIDTH bound to: 1 - type: integer 
	Parameter C_AXI_BUSER_WIDTH bound to: 1 - type: integer 
	Parameter C_AXI_ARUSER_WIDTH bound to: 1 - type: integer 
	Parameter C_AXI_RUSER_WIDTH bound to: 1 - type: integer 
	Parameter C_AWPAYLOAD_WIDTH bound to: 62 - type: integer 
	Parameter C_WPAYLOAD_WIDTH bound to: 145 - type: integer 
	Parameter C_BPAYLOAD_WIDTH bound to: 3 - type: integer 
	Parameter C_ARPAYLOAD_WIDTH bound to: 62 - type: integer 
	Parameter C_RPAYLOAD_WIDTH bound to: 132 - type: integer 
	Parameter G_AXI_AWADDR_INDEX bound to: 0 - type: integer 
	Parameter G_AXI_AWADDR_WIDTH bound to: 32 - type: integer 
	Parameter G_AXI_AWPROT_INDEX bound to: 32 - type: integer 
	Parameter G_AXI_AWPROT_WIDTH bound to: 3 - type: integer 
	Parameter G_AXI_AWSIZE_INDEX bound to: 35 - type: integer 
	Parameter G_AXI_AWSIZE_WIDTH bound to: 3 - type: integer 
	Parameter G_AXI_AWBURST_INDEX bound to: 38 - type: integer 
	Parameter G_AXI_AWBURST_WIDTH bound to: 2 - type: integer 
	Parameter G_AXI_AWCACHE_INDEX bound to: 40 - type: integer 
	Parameter G_AXI_AWCACHE_WIDTH bound to: 4 - type: integer 
	Parameter G_AXI_AWLEN_INDEX bound to: 44 - type: integer 
	Parameter G_AXI_AWLEN_WIDTH bound to: 8 - type: integer 
	Parameter G_AXI_AWLOCK_INDEX bound to: 52 - type: integer 
	Parameter G_AXI_AWLOCK_WIDTH bound to: 1 - type: integer 
	Parameter G_AXI_AWID_INDEX bound to: 53 - type: integer 
	Parameter G_AXI_AWID_WIDTH bound to: 1 - type: integer 
	Parameter G_AXI_AWQOS_INDEX bound to: 54 - type: integer 
	Parameter G_AXI_AWQOS_WIDTH bound to: 4 - type: integer 
	Parameter G_AXI_AWREGION_INDEX bound to: 58 - type: integer 
	Parameter G_AXI_AWREGION_WIDTH bound to: 4 - type: integer 
	Parameter G_AXI_AWUSER_INDEX bound to: 62 - type: integer 
	Parameter G_AXI_AWUSER_WIDTH bound to: 0 - type: integer 
	Parameter G_AXI_AWPAYLOAD_WIDTH bound to: 62 - type: integer 
	Parameter G_AXI_ARADDR_INDEX bound to: 0 - type: integer 
	Parameter G_AXI_ARADDR_WIDTH bound to: 32 - type: integer 
	Parameter G_AXI_ARPROT_INDEX bound to: 32 - type: integer 
	Parameter G_AXI_ARPROT_WIDTH bound to: 3 - type: integer 
	Parameter G_AXI_ARSIZE_INDEX bound to: 35 - type: integer 
	Parameter G_AXI_ARSIZE_WIDTH bound to: 3 - type: integer 
	Parameter G_AXI_ARBURST_INDEX bound to: 38 - type: integer 
	Parameter G_AXI_ARBURST_WIDTH bound to: 2 - type: integer 
	Parameter G_AXI_ARCACHE_INDEX bound to: 40 - type: integer 
	Parameter G_AXI_ARCACHE_WIDTH bound to: 4 - type: integer 
	Parameter G_AXI_ARLEN_INDEX bound to: 44 - type: integer 
	Parameter G_AXI_ARLEN_WIDTH bound to: 8 - type: integer 
	Parameter G_AXI_ARLOCK_INDEX bound to: 52 - type: integer 
	Parameter G_AXI_ARLOCK_WIDTH bound to: 1 - type: integer 
	Parameter G_AXI_ARID_INDEX bound to: 53 - type: integer 
	Parameter G_AXI_ARID_WIDTH bound to: 1 - type: integer 
	Parameter G_AXI_ARQOS_INDEX bound to: 54 - type: integer 
	Parameter G_AXI_ARQOS_WIDTH bound to: 4 - type: integer 
	Parameter G_AXI_ARREGION_INDEX bound to: 58 - type: integer 
	Parameter G_AXI_ARREGION_WIDTH bound to: 4 - type: integer 
	Parameter G_AXI_ARUSER_INDEX bound to: 62 - type: integer 
	Parameter G_AXI_ARUSER_WIDTH bound to: 0 - type: integer 
	Parameter G_AXI_ARPAYLOAD_WIDTH bound to: 62 - type: integer 
	Parameter G_AXI_WDATA_INDEX bound to: 0 - type: integer 
	Parameter G_AXI_WDATA_WIDTH bound to: 128 - type: integer 
	Parameter G_AXI_WSTRB_INDEX bound to: 128 - type: integer 
	Parameter G_AXI_WSTRB_WIDTH bound to: 16 - type: integer 
	Parameter G_AXI_WLAST_INDEX bound to: 144 - type: integer 
	Parameter G_AXI_WLAST_WIDTH bound to: 1 - type: integer 
	Parameter G_AXI_WID_INDEX bound to: 145 - type: integer 
	Parameter G_AXI_WID_WIDTH bound to: 0 - type: integer 
	Parameter G_AXI_WUSER_INDEX bound to: 145 - type: integer 
	Parameter G_AXI_WUSER_WIDTH bound to: 0 - type: integer 
	Parameter G_AXI_WPAYLOAD_WIDTH bound to: 145 - type: integer 
	Parameter G_AXI_BRESP_INDEX bound to: 0 - type: integer 
	Parameter G_AXI_BRESP_WIDTH bound to: 2 - type: integer 
	Parameter G_AXI_BID_INDEX bound to: 2 - type: integer 
	Parameter G_AXI_BID_WIDTH bound to: 1 - type: integer 
	Parameter G_AXI_BUSER_INDEX bound to: 3 - type: integer 
	Parameter G_AXI_BUSER_WIDTH bound to: 0 - type: integer 
	Parameter G_AXI_BPAYLOAD_WIDTH bound to: 3 - type: integer 
	Parameter G_AXI_RDATA_INDEX bound to: 0 - type: integer 
	Parameter G_AXI_RDATA_WIDTH bound to: 128 - type: integer 
	Parameter G_AXI_RRESP_INDEX bound to: 128 - type: integer 
	Parameter G_AXI_RRESP_WIDTH bound to: 2 - type: integer 
	Parameter G_AXI_RLAST_INDEX bound to: 130 - type: integer 
	Parameter G_AXI_RLAST_WIDTH bound to: 1 - type: integer 
	Parameter G_AXI_RID_INDEX bound to: 131 - type: integer 
	Parameter G_AXI_RID_WIDTH bound to: 1 - type: integer 
	Parameter G_AXI_RUSER_INDEX bound to: 132 - type: integer 
	Parameter G_AXI_RUSER_WIDTH bound to: 0 - type: integer 
	Parameter G_AXI_RPAYLOAD_WIDTH bound to: 132 - type: integer 
INFO: [Synth 8-6155] done synthesizing module 'axi_infrastructure_v1_1_0_vector2axi' (6#1) [c:/Users/Tristan/Desktop/Nexys-Video-HDMI-master/proj/Nexys-Video-HDMI-master.srcs/sources_1/bd/hdmi/ipshared/ec67/hdl/axi_infrastructure_v1_1_vl_rfs.v:474]
INFO: [Synth 8-6155] done synthesizing module 'axi_register_slice_v2_1_17_axi_register_slice' (7#1) [c:/Users/Tristan/Desktop/Nexys-Video-HDMI-master/proj/Nexys-Video-HDMI-master.srcs/sources_1/bd/hdmi/ipshared/6020/hdl/axi_register_slice_v2_1_vl_rfs.v:2417]
WARNING: [Synth 8-350] instance 'si_register_slice_inst' of module 'axi_register_slice_v2_1_17_axi_register_slice' requires 93 connections, but only 92 given [c:/Users/Tristan/Desktop/Nexys-Video-HDMI-master/proj/Nexys-Video-HDMI-master.srcs/sources_1/bd/hdmi/ipshared/2839/hdl/axi_dwidth_converter_v2_1_vlsyn_rfs.v:7379]
WARNING: [Synth 8-3848] Net m_axi_rready in module/entity axi_dwidth_converter_v2_1_17_axi_upsizer does not have driver. [c:/Users/Tristan/Desktop/Nexys-Video-HDMI-master/proj/Nexys-Video-HDMI-master.srcs/sources_1/bd/hdmi/ipshared/2839/hdl/axi_dwidth_converter_v2_1_vlsyn_rfs.v:7176]
INFO: [Synth 8-6155] done synthesizing module 'axi_dwidth_converter_v2_1_17_axi_upsizer' (8#1) [c:/Users/Tristan/Desktop/Nexys-Video-HDMI-master/proj/Nexys-Video-HDMI-master.srcs/sources_1/bd/hdmi/ipshared/2839/hdl/axi_dwidth_converter_v2_1_vlsyn_rfs.v:7038]
INFO: [Synth 8-6155] done synthesizing module 'axi_dwidth_converter_v2_1_17_top' (9#1) [c:/Users/Tristan/Desktop/Nexys-Video-HDMI-master/proj/Nexys-Video-HDMI-master.srcs/sources_1/bd/hdmi/ipshared/2839/hdl/axi_dwidth_converter_v2_1_vlsyn_rfs.v:14462]
INFO: [Synth 8-6155] done synthesizing module 'hdmi_auto_us_1' (10#1) [c:/Users/Tristan/Desktop/Nexys-Video-HDMI-master/proj/Nexys-Video-HDMI-master.srcs/sources_1/bd/hdmi/ip/hdmi_auto_us_1/synth/hdmi_auto_us_1.v:58]
WARNING: [Synth 8-3331] design axi_infrastructure_v1_1_0_vector2axi has unconnected port m_axi_buser[0]
WARNING: [Synth 8-3331] design axi_infrastructure_v1_1_0_vector2axi has unconnected port m_axi_ruser[0]
WARNING: [Synth 8-3331] design axi_infrastructure_v1_1_0_axi2vector has unconnected port s_axi_awuser[0]
WARNING: [Synth 8-3331] design axi_infrastructure_v1_1_0_axi2vector has unconnected port s_axi_wid[0]
WARNING: [Synth 8-3331] design axi_infrastructure_v1_1_0_axi2vector has unconnected port s_axi_wuser[0]
WARNING: [Synth 8-3331] design axi_infrastructure_v1_1_0_axi2vector has unconnected port s_axi_aruser[0]
WARNING: [Synth 8-3331] design axi_register_slice_v2_1_17_axic_register_slice__parameterized2 has unconnected port ACLK
WARNING: [Synth 8-3331] design axi_register_slice_v2_1_17_axic_register_slice__parameterized2 has unconnected port ARESET
WARNING: [Synth 8-3331] design axi_register_slice_v2_1_17_axi_register_slice has unconnected port aclk2x
WARNING: [Synth 8-3331] design axi_dwidth_converter_v2_1_17_a_upsizer has unconnected port cmd_id_ready
WARNING: [Synth 8-3331] design axi_dwidth_converter_v2_1_17_a_upsizer has unconnected port S_AXI_AID[0]
WARNING: [Synth 8-3331] design axi_dwidth_converter_v2_1_17_axi_upsizer has unconnected port m_axi_rready
WARNING: [Synth 8-3331] design axi_dwidth_converter_v2_1_17_axi_upsizer has unconnected port s_axi_awlock[1]
WARNING: [Synth 8-3331] design axi_dwidth_converter_v2_1_17_axi_upsizer has unconnected port s_axi_arlock[1]
WARNING: [Synth 8-3331] design axi_dwidth_converter_v2_1_17_axi_upsizer has unconnected port s_axi_rready
WARNING: [Synth 8-3331] design axi_dwidth_converter_v2_1_17_axi_upsizer has unconnected port m_axi_aresetn
WARNING: [Synth 8-3331] design axi_dwidth_converter_v2_1_17_axi_upsizer has unconnected port m_axi_aclk
WARNING: [Synth 8-3331] design axi_dwidth_converter_v2_1_17_axi_upsizer has unconnected port m_axi_arready
WARNING: [Synth 8-3331] design axi_dwidth_converter_v2_1_17_axi_upsizer has unconnected port m_axi_rdata[255]
WARNING: [Synth 8-3331] design axi_dwidth_converter_v2_1_17_axi_upsizer has unconnected port m_axi_rdata[254]
WARNING: [Synth 8-3331] design axi_dwidth_converter_v2_1_17_axi_upsizer has unconnected port m_axi_rdata[253]
WARNING: [Synth 8-3331] design axi_dwidth_converter_v2_1_17_axi_upsizer has unconnected port m_axi_rdata[252]
WARNING: [Synth 8-3331] design axi_dwidth_converter_v2_1_17_axi_upsizer has unconnected port m_axi_rdata[251]
WARNING: [Synth 8-3331] design axi_dwidth_converter_v2_1_17_axi_upsizer has unconnected port m_axi_rdata[250]
WARNING: [Synth 8-3331] design axi_dwidth_converter_v2_1_17_axi_upsizer has unconnected port m_axi_rdata[249]
WARNING: [Synth 8-3331] design axi_dwidth_converter_v2_1_17_axi_upsizer has unconnected port m_axi_rdata[248]
WARNING: [Synth 8-3331] design axi_dwidth_converter_v2_1_17_axi_upsizer has unconnected port m_axi_rdata[247]
WARNING: [Synth 8-3331] design axi_dwidth_converter_v2_1_17_axi_upsizer has unconnected port m_axi_rdata[246]
WARNING: [Synth 8-3331] design axi_dwidth_converter_v2_1_17_axi_upsizer has unconnected port m_axi_rdata[245]
WARNING: [Synth 8-3331] design axi_dwidth_converter_v2_1_17_axi_upsizer has unconnected port m_axi_rdata[244]
WARNING: [Synth 8-3331] design axi_dwidth_converter_v2_1_17_axi_upsizer has unconnected port m_axi_rdata[243]
WARNING: [Synth 8-3331] design axi_dwidth_converter_v2_1_17_axi_upsizer has unconnected port m_axi_rdata[242]
WARNING: [Synth 8-3331] design axi_dwidth_converter_v2_1_17_axi_upsizer has unconnected port m_axi_rdata[241]
WARNING: [Synth 8-3331] design axi_dwidth_converter_v2_1_17_axi_upsizer has unconnected port m_axi_rdata[240]
WARNING: [Synth 8-3331] design axi_dwidth_converter_v2_1_17_axi_upsizer has unconnected port m_axi_rdata[239]
WARNING: [Synth 8-3331] design axi_dwidth_converter_v2_1_17_axi_upsizer has unconnected port m_axi_rdata[238]
WARNING: [Synth 8-3331] design axi_dwidth_converter_v2_1_17_axi_upsizer has unconnected port m_axi_rdata[237]
WARNING: [Synth 8-3331] design axi_dwidth_converter_v2_1_17_axi_upsizer has unconnected port m_axi_rdata[236]
WARNING: [Synth 8-3331] design axi_dwidth_converter_v2_1_17_axi_upsizer has unconnected port m_axi_rdata[235]
WARNING: [Synth 8-3331] design axi_dwidth_converter_v2_1_17_axi_upsizer has unconnected port m_axi_rdata[234]
WARNING: [Synth 8-3331] design axi_dwidth_converter_v2_1_17_axi_upsizer has unconnected port m_axi_rdata[233]
WARNING: [Synth 8-3331] design axi_dwidth_converter_v2_1_17_axi_upsizer has unconnected port m_axi_rdata[232]
WARNING: [Synth 8-3331] design axi_dwidth_converter_v2_1_17_axi_upsizer has unconnected port m_axi_rdata[231]
WARNING: [Synth 8-3331] design axi_dwidth_converter_v2_1_17_axi_upsizer has unconnected port m_axi_rdata[230]
WARNING: [Synth 8-3331] design axi_dwidth_converter_v2_1_17_axi_upsizer has unconnected port m_axi_rdata[229]
WARNING: [Synth 8-3331] design axi_dwidth_converter_v2_1_17_axi_upsizer has unconnected port m_axi_rdata[228]
WARNING: [Synth 8-3331] design axi_dwidth_converter_v2_1_17_axi_upsizer has unconnected port m_axi_rdata[227]
WARNING: [Synth 8-3331] design axi_dwidth_converter_v2_1_17_axi_upsizer has unconnected port m_axi_rdata[226]
WARNING: [Synth 8-3331] design axi_dwidth_converter_v2_1_17_axi_upsizer has unconnected port m_axi_rdata[225]
WARNING: [Synth 8-3331] design axi_dwidth_converter_v2_1_17_axi_upsizer has unconnected port m_axi_rdata[224]
WARNING: [Synth 8-3331] design axi_dwidth_converter_v2_1_17_axi_upsizer has unconnected port m_axi_rdata[223]
WARNING: [Synth 8-3331] design axi_dwidth_converter_v2_1_17_axi_upsizer has unconnected port m_axi_rdata[222]
WARNING: [Synth 8-3331] design axi_dwidth_converter_v2_1_17_axi_upsizer has unconnected port m_axi_rdata[221]
WARNING: [Synth 8-3331] design axi_dwidth_converter_v2_1_17_axi_upsizer has unconnected port m_axi_rdata[220]
WARNING: [Synth 8-3331] design axi_dwidth_converter_v2_1_17_axi_upsizer has unconnected port m_axi_rdata[219]
WARNING: [Synth 8-3331] design axi_dwidth_converter_v2_1_17_axi_upsizer has unconnected port m_axi_rdata[218]
WARNING: [Synth 8-3331] design axi_dwidth_converter_v2_1_17_axi_upsizer has unconnected port m_axi_rdata[217]
WARNING: [Synth 8-3331] design axi_dwidth_converter_v2_1_17_axi_upsizer has unconnected port m_axi_rdata[216]
WARNING: [Synth 8-3331] design axi_dwidth_converter_v2_1_17_axi_upsizer has unconnected port m_axi_rdata[215]
WARNING: [Synth 8-3331] design axi_dwidth_converter_v2_1_17_axi_upsizer has unconnected port m_axi_rdata[214]
WARNING: [Synth 8-3331] design axi_dwidth_converter_v2_1_17_axi_upsizer has unconnected port m_axi_rdata[213]
WARNING: [Synth 8-3331] design axi_dwidth_converter_v2_1_17_axi_upsizer has unconnected port m_axi_rdata[212]
WARNING: [Synth 8-3331] design axi_dwidth_converter_v2_1_17_axi_upsizer has unconnected port m_axi_rdata[211]
WARNING: [Synth 8-3331] design axi_dwidth_converter_v2_1_17_axi_upsizer has unconnected port m_axi_rdata[210]
WARNING: [Synth 8-3331] design axi_dwidth_converter_v2_1_17_axi_upsizer has unconnected port m_axi_rdata[209]
WARNING: [Synth 8-3331] design axi_dwidth_converter_v2_1_17_axi_upsizer has unconnected port m_axi_rdata[208]
WARNING: [Synth 8-3331] design axi_dwidth_converter_v2_1_17_axi_upsizer has unconnected port m_axi_rdata[207]
WARNING: [Synth 8-3331] design axi_dwidth_converter_v2_1_17_axi_upsizer has unconnected port m_axi_rdata[206]
WARNING: [Synth 8-3331] design axi_dwidth_converter_v2_1_17_axi_upsizer has unconnected port m_axi_rdata[205]
WARNING: [Synth 8-3331] design axi_dwidth_converter_v2_1_17_axi_upsizer has unconnected port m_axi_rdata[204]
WARNING: [Synth 8-3331] design axi_dwidth_converter_v2_1_17_axi_upsizer has unconnected port m_axi_rdata[203]
WARNING: [Synth 8-3331] design axi_dwidth_converter_v2_1_17_axi_upsizer has unconnected port m_axi_rdata[202]
WARNING: [Synth 8-3331] design axi_dwidth_converter_v2_1_17_axi_upsizer has unconnected port m_axi_rdata[201]
WARNING: [Synth 8-3331] design axi_dwidth_converter_v2_1_17_axi_upsizer has unconnected port m_axi_rdata[200]
WARNING: [Synth 8-3331] design axi_dwidth_converter_v2_1_17_axi_upsizer has unconnected port m_axi_rdata[199]
WARNING: [Synth 8-3331] design axi_dwidth_converter_v2_1_17_axi_upsizer has unconnected port m_axi_rdata[198]
WARNING: [Synth 8-3331] design axi_dwidth_converter_v2_1_17_axi_upsizer has unconnected port m_axi_rdata[197]
WARNING: [Synth 8-3331] design axi_dwidth_converter_v2_1_17_axi_upsizer has unconnected port m_axi_rdata[196]
WARNING: [Synth 8-3331] design axi_dwidth_converter_v2_1_17_axi_upsizer has unconnected port m_axi_rdata[195]
WARNING: [Synth 8-3331] design axi_dwidth_converter_v2_1_17_axi_upsizer has unconnected port m_axi_rdata[194]
WARNING: [Synth 8-3331] design axi_dwidth_converter_v2_1_17_axi_upsizer has unconnected port m_axi_rdata[193]
WARNING: [Synth 8-3331] design axi_dwidth_converter_v2_1_17_axi_upsizer has unconnected port m_axi_rdata[192]
WARNING: [Synth 8-3331] design axi_dwidth_converter_v2_1_17_axi_upsizer has unconnected port m_axi_rdata[191]
WARNING: [Synth 8-3331] design axi_dwidth_converter_v2_1_17_axi_upsizer has unconnected port m_axi_rdata[190]
WARNING: [Synth 8-3331] design axi_dwidth_converter_v2_1_17_axi_upsizer has unconnected port m_axi_rdata[189]
WARNING: [Synth 8-3331] design axi_dwidth_converter_v2_1_17_axi_upsizer has unconnected port m_axi_rdata[188]
WARNING: [Synth 8-3331] design axi_dwidth_converter_v2_1_17_axi_upsizer has unconnected port m_axi_rdata[187]
WARNING: [Synth 8-3331] design axi_dwidth_converter_v2_1_17_axi_upsizer has unconnected port m_axi_rdata[186]
WARNING: [Synth 8-3331] design axi_dwidth_converter_v2_1_17_axi_upsizer has unconnected port m_axi_rdata[185]
WARNING: [Synth 8-3331] design axi_dwidth_converter_v2_1_17_axi_upsizer has unconnected port m_axi_rdata[184]
WARNING: [Synth 8-3331] design axi_dwidth_converter_v2_1_17_axi_upsizer has unconnected port m_axi_rdata[183]
WARNING: [Synth 8-3331] design axi_dwidth_converter_v2_1_17_axi_upsizer has unconnected port m_axi_rdata[182]
WARNING: [Synth 8-3331] design axi_dwidth_converter_v2_1_17_axi_upsizer has unconnected port m_axi_rdata[181]
WARNING: [Synth 8-3331] design axi_dwidth_converter_v2_1_17_axi_upsizer has unconnected port m_axi_rdata[180]
WARNING: [Synth 8-3331] design axi_dwidth_converter_v2_1_17_axi_upsizer has unconnected port m_axi_rdata[179]
WARNING: [Synth 8-3331] design axi_dwidth_converter_v2_1_17_axi_upsizer has unconnected port m_axi_rdata[178]
WARNING: [Synth 8-3331] design axi_dwidth_converter_v2_1_17_axi_upsizer has unconnected port m_axi_rdata[177]
WARNING: [Synth 8-3331] design axi_dwidth_converter_v2_1_17_axi_upsizer has unconnected port m_axi_rdata[176]
WARNING: [Synth 8-3331] design axi_dwidth_converter_v2_1_17_axi_upsizer has unconnected port m_axi_rdata[175]
WARNING: [Synth 8-3331] design axi_dwidth_converter_v2_1_17_axi_upsizer has unconnected port m_axi_rdata[174]
INFO: [Common 17-14] Message 'Synth 8-3331' appears 100 times and further instances of the messages will be disabled. Use the Tcl command set_msg_config to change the current settings.
---------------------------------------------------------------------------------
Finished RTL Elaboration : Time (s): cpu = 00:01:33 ; elapsed = 00:01:41 . Memory (MB): peak = 589.977 ; gain = 271.391
---------------------------------------------------------------------------------

Report Check Netlist: 
+------+------------------+-------+---------+-------+------------------+
|      |Item              |Errors |Warnings |Status |Description       |
+------+------------------+-------+---------+-------+------------------+
|1     |multi_driven_nets |      0|        0|Passed |Multi driven nets |
+------+------------------+-------+---------+-------+------------------+
---------------------------------------------------------------------------------
Start Handling Custom Attributes
---------------------------------------------------------------------------------
---------------------------------------------------------------------------------
Finished Handling Custom Attributes : Time (s): cpu = 00:01:33 ; elapsed = 00:01:41 . Memory (MB): peak = 589.977 ; gain = 271.391
---------------------------------------------------------------------------------
---------------------------------------------------------------------------------
Finished RTL Optimization Phase 1 : Time (s): cpu = 00:01:33 ; elapsed = 00:01:41 . Memory (MB): peak = 589.977 ; gain = 271.391
---------------------------------------------------------------------------------
INFO: [Device 21-403] Loading part xc7a200tsbg484-1
INFO: [Project 1-570] Preparing netlist for logic optimization

Processing XDC Constraints
Initializing timing engine
Parsing XDC File [c:/Users/Tristan/Desktop/Nexys-Video-HDMI-master/proj/Nexys-Video-HDMI-master.srcs/sources_1/bd/hdmi/ip/hdmi_auto_us_1/hdmi_auto_us_1_ooc.xdc] for cell 'inst'
Finished Parsing XDC File [c:/Users/Tristan/Desktop/Nexys-Video-HDMI-master/proj/Nexys-Video-HDMI-master.srcs/sources_1/bd/hdmi/ip/hdmi_auto_us_1/hdmi_auto_us_1_ooc.xdc] for cell 'inst'
Parsing XDC File [C:/Users/Tristan/Desktop/Nexys-Video-HDMI-master/proj/Nexys-Video-HDMI-master.runs/hdmi_auto_us_1_synth_1/dont_touch.xdc]
Finished Parsing XDC File [C:/Users/Tristan/Desktop/Nexys-Video-HDMI-master/proj/Nexys-Video-HDMI-master.runs/hdmi_auto_us_1_synth_1/dont_touch.xdc]
Completed Processing XDC Constraints

INFO: [Project 1-111] Unisim Transformation Summary:
No Unisim elements were transformed.

Constraint Validation Runtime : Time (s): cpu = 00:00:00 ; elapsed = 00:00:00.091 . Memory (MB): peak = 886.645 ; gain = 2.609
---------------------------------------------------------------------------------
Finished Constraint Validation : Time (s): cpu = 00:01:45 ; elapsed = 00:02:04 . Memory (MB): peak = 886.645 ; gain = 568.059
---------------------------------------------------------------------------------
---------------------------------------------------------------------------------
Start Loading Part and Timing Information
---------------------------------------------------------------------------------
Loading part: xc7a200tsbg484-1
---------------------------------------------------------------------------------
Finished Loading Part and Timing Information : Time (s): cpu = 00:01:45 ; elapsed = 00:02:04 . Memory (MB): peak = 886.645 ; gain = 568.059
---------------------------------------------------------------------------------
---------------------------------------------------------------------------------
Start Applying 'set_property' XDC Constraints
---------------------------------------------------------------------------------
Applied set_property DONT_TOUCH = true for inst. (constraint file  C:/Users/Tristan/Desktop/Nexys-Video-HDMI-master/proj/Nexys-Video-HDMI-master.runs/hdmi_auto_us_1_synth_1/dont_touch.xdc, line 9).
---------------------------------------------------------------------------------
Finished applying 'set_property' XDC Constraints : Time (s): cpu = 00:01:45 ; elapsed = 00:02:04 . Memory (MB): peak = 886.645 ; gain = 568.059
---------------------------------------------------------------------------------
INFO: [Synth 8-5818] HDL ADVISOR - The operator resource <adder> is shared. To prevent sharing consider applying a KEEP on the output of the operator [c:/Users/Tristan/Desktop/Nexys-Video-HDMI-master/proj/Nexys-Video-HDMI-master.srcs/sources_1/bd/hdmi/ipshared/b752/hdl/generic_baseblocks_v2_1_vl_rfs.v:868]
---------------------------------------------------------------------------------
Finished RTL Optimization Phase 2 : Time (s): cpu = 00:01:46 ; elapsed = 00:02:05 . Memory (MB): peak = 886.645 ; gain = 568.059
---------------------------------------------------------------------------------

Report RTL Partitions: 
+-+--------------+------------+----------+
| |RTL Partition |Replication |Instances |
+-+--------------+------------+----------+
+-+--------------+------------+----------+
---------------------------------------------------------------------------------
Start RTL Component Statistics 
---------------------------------------------------------------------------------
Detailed RTL Component Info : 
+---Adders : 
	   2 Input      8 Bit       Adders := 3     
	   2 Input      6 Bit       Adders := 1     
	   2 Input      5 Bit       Adders := 3     
+---Registers : 
	              145 Bit    Registers := 2     
	              132 Bit    Registers := 2     
	               62 Bit    Registers := 1     
	               42 Bit    Registers := 1     
	                8 Bit    Registers := 65    
	                5 Bit    Registers := 3     
	                3 Bit    Registers := 1     
	                2 Bit    Registers := 4     
	                1 Bit    Registers := 81    
+---Muxes : 
	   2 Input    145 Bit        Muxes := 2     
	   2 Input    132 Bit        Muxes := 2     
	   2 Input     32 Bit        Muxes := 3     
	   2 Input      8 Bit        Muxes := 67    
	   8 Input      8 Bit        Muxes := 1     
	   2 Input      5 Bit        Muxes := 5     
	   8 Input      5 Bit        Muxes := 2     
	   2 Input      3 Bit        Muxes := 1     
	   2 Input      2 Bit        Muxes := 3     
	   2 Input      1 Bit        Muxes := 168   
---------------------------------------------------------------------------------
Finished RTL Component Statistics 
---------------------------------------------------------------------------------
---------------------------------------------------------------------------------
Start RTL Hierarchical Component Statistics 
---------------------------------------------------------------------------------
Hierarchical RTL Component report 
Module axi_dwidth_converter_v2_1_17_w_upsizer 
Detailed RTL Component Info : 
+---Adders : 
	   2 Input      8 Bit       Adders := 1     
	   2 Input      5 Bit       Adders := 1     
+---Registers : 
	                8 Bit    Registers := 65    
	                5 Bit    Registers := 2     
	                1 Bit    Registers := 69    
+---Muxes : 
	   2 Input      8 Bit        Muxes := 66    
	   2 Input      5 Bit        Muxes := 3     
	   2 Input      1 Bit        Muxes := 163   
Module generic_baseblocks_v2_1_0_command_fifo 
Detailed RTL Component Info : 
+---Adders : 
	   2 Input      5 Bit       Adders := 1     
+---Registers : 
	               42 Bit    Registers := 1     
	                5 Bit    Registers := 1     
	                1 Bit    Registers := 3     
+---Muxes : 
	   2 Input      2 Bit        Muxes := 1     
	   2 Input      1 Bit        Muxes := 1     
Module axi_dwidth_converter_v2_1_17_a_upsizer 
Detailed RTL Component Info : 
+---Adders : 
	   2 Input      8 Bit       Adders := 2     
	   2 Input      6 Bit       Adders := 1     
	   2 Input      5 Bit       Adders := 1     
+---Registers : 
	                1 Bit    Registers := 1     
+---Muxes : 
	   2 Input     32 Bit        Muxes := 3     
	   2 Input      8 Bit        Muxes := 1     
	   8 Input      8 Bit        Muxes := 1     
	   8 Input      5 Bit        Muxes := 2     
	   2 Input      5 Bit        Muxes := 2     
	   2 Input      3 Bit        Muxes := 1     
	   2 Input      2 Bit        Muxes := 2     
Module axi_register_slice_v2_1_17_axic_register_slice 
Detailed RTL Component Info : 
+---Registers : 
	               62 Bit    Registers := 1     
	                2 Bit    Registers := 1     
	                1 Bit    Registers := 2     
+---Muxes : 
	   2 Input      1 Bit        Muxes := 2     
Module axi_register_slice_v2_1_17_axic_register_slice__parameterized0 
Detailed RTL Component Info : 
+---Registers : 
	              145 Bit    Registers := 2     
	                2 Bit    Registers := 1     
	                1 Bit    Registers := 2     
+---Muxes : 
	   2 Input    145 Bit        Muxes := 2     
Module axi_register_slice_v2_1_17_axic_register_slice__parameterized1 
Detailed RTL Component Info : 
+---Registers : 
	                3 Bit    Registers := 1     
	                2 Bit    Registers := 1     
	                1 Bit    Registers := 2     
+---Muxes : 
	   2 Input      1 Bit        Muxes := 2     
Module axi_register_slice_v2_1_17_axic_register_slice__parameterized3 
Detailed RTL Component Info : 
+---Registers : 
	              132 Bit    Registers := 2     
	                2 Bit    Registers := 1     
	                1 Bit    Registers := 2     
+---Muxes : 
	   2 Input    132 Bit        Muxes := 2     
---------------------------------------------------------------------------------
Finished RTL Hierarchical Component Statistics
---------------------------------------------------------------------------------
---------------------------------------------------------------------------------
Start Part Resource Summary
---------------------------------------------------------------------------------
Part Resources:
DSPs: 740 (col length:100)
BRAMs: 730 (col length: RAMB18 100 RAMB36 50)
---------------------------------------------------------------------------------
Finished Part Resource Summary
---------------------------------------------------------------------------------
---------------------------------------------------------------------------------
Start Cross Boundary and Area Optimization
---------------------------------------------------------------------------------
Warning: Parallel synthesis criteria is not met 
INFO: [Synth 8-3332] Sequential element (gen_upsizer.gen_full_upsizer.axi_upsizer_inst/USE_WRITE.write_addr_inst/GEN_CMD_QUEUE.cmd_queue/USE_FF_OUT.USE_RTL_OUTPUT_PIPELINE.M_MESG_Q_reg[21]) is unused and will be removed from module axi_dwidth_converter_v2_1_17_top.
INFO: [Synth 8-3332] Sequential element (gen_upsizer.gen_full_upsizer.axi_upsizer_inst/USE_WRITE.write_addr_inst/GEN_CMD_QUEUE.cmd_queue/USE_FF_OUT.USE_RTL_OUTPUT_PIPELINE.M_MESG_Q_reg[20]) is unused and will be removed from module axi_dwidth_converter_v2_1_17_top.
INFO: [Synth 8-3332] Sequential element (gen_upsizer.gen_full_upsizer.axi_upsizer_inst/USE_WRITE.write_addr_inst/GEN_CMD_QUEUE.cmd_queue/USE_FF_OUT.USE_RTL_OUTPUT_PIPELINE.M_MESG_Q_reg[19]) is unused and will be removed from module axi_dwidth_converter_v2_1_17_top.
INFO: [Synth 8-3332] Sequential element (gen_upsizer.gen_full_upsizer.axi_upsizer_inst/USE_WRITE.write_addr_inst/GEN_CMD_QUEUE.cmd_queue/USE_FF_OUT.USE_RTL_OUTPUT_PIPELINE.M_MESG_Q_reg[18]) is unused and will be removed from module axi_dwidth_converter_v2_1_17_top.
INFO: [Synth 8-3332] Sequential element (gen_upsizer.gen_full_upsizer.axi_upsizer_inst/si_register_slice_inst/aw.aw_pipe/m_payload_i_reg[53]) is unused and will be removed from module axi_dwidth_converter_v2_1_17_top.
INFO: [Synth 8-3332] Sequential element (gen_upsizer.gen_full_upsizer.axi_upsizer_inst/si_register_slice_inst/w.w_pipe/aresetn_d_reg[1]) is unused and will be removed from module axi_dwidth_converter_v2_1_17_top.
INFO: [Synth 8-3332] Sequential element (gen_upsizer.gen_full_upsizer.axi_upsizer_inst/si_register_slice_inst/w.w_pipe/aresetn_d_reg[0]) is unused and will be removed from module axi_dwidth_converter_v2_1_17_top.
INFO: [Synth 8-3332] Sequential element (gen_upsizer.gen_full_upsizer.axi_upsizer_inst/si_register_slice_inst/w.w_pipe/m_valid_i_reg) is unused and will be removed from module axi_dwidth_converter_v2_1_17_top.
INFO: [Synth 8-3332] Sequential element (gen_upsizer.gen_full_upsizer.axi_upsizer_inst/si_register_slice_inst/w.w_pipe/s_ready_i_reg) is unused and will be removed from module axi_dwidth_converter_v2_1_17_top.
INFO: [Synth 8-3332] Sequential element (gen_upsizer.gen_full_upsizer.axi_upsizer_inst/si_register_slice_inst/w.w_pipe/skid_buffer_reg[144]) is unused and will be removed from module axi_dwidth_converter_v2_1_17_top.
INFO: [Synth 8-3332] Sequential element (gen_upsizer.gen_full_upsizer.axi_upsizer_inst/si_register_slice_inst/w.w_pipe/skid_buffer_reg[143]) is unused and will be removed from module axi_dwidth_converter_v2_1_17_top.
INFO: [Synth 8-3332] Sequential element (gen_upsizer.gen_full_upsizer.axi_upsizer_inst/si_register_slice_inst/w.w_pipe/skid_buffer_reg[142]) is unused and will be removed from module axi_dwidth_converter_v2_1_17_top.
INFO: [Synth 8-3332] Sequential element (gen_upsizer.gen_full_upsizer.axi_upsizer_inst/si_register_slice_inst/w.w_pipe/skid_buffer_reg[141]) is unused and will be removed from module axi_dwidth_converter_v2_1_17_top.
INFO: [Synth 8-3332] Sequential element (gen_upsizer.gen_full_upsizer.axi_upsizer_inst/si_register_slice_inst/w.w_pipe/skid_buffer_reg[140]) is unused and will be removed from module axi_dwidth_converter_v2_1_17_top.
INFO: [Synth 8-3332] Sequential element (gen_upsizer.gen_full_upsizer.axi_upsizer_inst/si_register_slice_inst/w.w_pipe/skid_buffer_reg[139]) is unused and will be removed from module axi_dwidth_converter_v2_1_17_top.
INFO: [Synth 8-3332] Sequential element (gen_upsizer.gen_full_upsizer.axi_upsizer_inst/si_register_slice_inst/w.w_pipe/skid_buffer_reg[138]) is unused and will be removed from module axi_dwidth_converter_v2_1_17_top.
INFO: [Synth 8-3332] Sequential element (gen_upsizer.gen_full_upsizer.axi_upsizer_inst/si_register_slice_inst/w.w_pipe/skid_buffer_reg[137]) is unused and will be removed from module axi_dwidth_converter_v2_1_17_top.
INFO: [Synth 8-3332] Sequential element (gen_upsizer.gen_full_upsizer.axi_upsizer_inst/si_register_slice_inst/w.w_pipe/skid_buffer_reg[136]) is unused and will be removed from module axi_dwidth_converter_v2_1_17_top.
INFO: [Synth 8-3332] Sequential element (gen_upsizer.gen_full_upsizer.axi_upsizer_inst/si_register_slice_inst/w.w_pipe/skid_buffer_reg[135]) is unused and will be removed from module axi_dwidth_converter_v2_1_17_top.
INFO: [Synth 8-3332] Sequential element (gen_upsizer.gen_full_upsizer.axi_upsizer_inst/si_register_slice_inst/w.w_pipe/skid_buffer_reg[134]) is unused and will be removed from module axi_dwidth_converter_v2_1_17_top.
INFO: [Synth 8-3332] Sequential element (gen_upsizer.gen_full_upsizer.axi_upsizer_inst/si_register_slice_inst/w.w_pipe/skid_buffer_reg[133]) is unused and will be removed from module axi_dwidth_converter_v2_1_17_top.
INFO: [Synth 8-3332] Sequential element (gen_upsizer.gen_full_upsizer.axi_upsizer_inst/si_register_slice_inst/w.w_pipe/skid_buffer_reg[132]) is unused and will be removed from module axi_dwidth_converter_v2_1_17_top.
INFO: [Synth 8-3332] Sequential element (gen_upsizer.gen_full_upsizer.axi_upsizer_inst/si_register_slice_inst/w.w_pipe/skid_buffer_reg[131]) is unused and will be removed from module axi_dwidth_converter_v2_1_17_top.
INFO: [Synth 8-3332] Sequential element (gen_upsizer.gen_full_upsizer.axi_upsizer_inst/si_register_slice_inst/w.w_pipe/skid_buffer_reg[130]) is unused and will be removed from module axi_dwidth_converter_v2_1_17_top.
INFO: [Synth 8-3332] Sequential element (gen_upsizer.gen_full_upsizer.axi_upsizer_inst/si_register_slice_inst/w.w_pipe/skid_buffer_reg[129]) is unused and will be removed from module axi_dwidth_converter_v2_1_17_top.
INFO: [Synth 8-3332] Sequential element (gen_upsizer.gen_full_upsizer.axi_upsizer_inst/si_register_slice_inst/w.w_pipe/skid_buffer_reg[128]) is unused and will be removed from module axi_dwidth_converter_v2_1_17_top.
INFO: [Synth 8-3332] Sequential element (gen_upsizer.gen_full_upsizer.axi_upsizer_inst/si_register_slice_inst/w.w_pipe/skid_buffer_reg[127]) is unused and will be removed from module axi_dwidth_converter_v2_1_17_top.
INFO: [Synth 8-3332] Sequential element (gen_upsizer.gen_full_upsizer.axi_upsizer_inst/si_register_slice_inst/w.w_pipe/skid_buffer_reg[126]) is unused and will be removed from module axi_dwidth_converter_v2_1_17_top.
INFO: [Synth 8-3332] Sequential element (gen_upsizer.gen_full_upsizer.axi_upsizer_inst/si_register_slice_inst/w.w_pipe/skid_buffer_reg[125]) is unused and will be removed from module axi_dwidth_converter_v2_1_17_top.
INFO: [Synth 8-3332] Sequential element (gen_upsizer.gen_full_upsizer.axi_upsizer_inst/si_register_slice_inst/w.w_pipe/skid_buffer_reg[124]) is unused and will be removed from module axi_dwidth_converter_v2_1_17_top.
INFO: [Synth 8-3332] Sequential element (gen_upsizer.gen_full_upsizer.axi_upsizer_inst/si_register_slice_inst/w.w_pipe/skid_buffer_reg[123]) is unused and will be removed from module axi_dwidth_converter_v2_1_17_top.
INFO: [Synth 8-3332] Sequential element (gen_upsizer.gen_full_upsizer.axi_upsizer_inst/si_register_slice_inst/w.w_pipe/skid_buffer_reg[122]) is unused and will be removed from module axi_dwidth_converter_v2_1_17_top.
INFO: [Synth 8-3332] Sequential element (gen_upsizer.gen_full_upsizer.axi_upsizer_inst/si_register_slice_inst/w.w_pipe/skid_buffer_reg[121]) is unused and will be removed from module axi_dwidth_converter_v2_1_17_top.
INFO: [Synth 8-3332] Sequential element (gen_upsizer.gen_full_upsizer.axi_upsizer_inst/si_register_slice_inst/w.w_pipe/skid_buffer_reg[120]) is unused and will be removed from module axi_dwidth_converter_v2_1_17_top.
INFO: [Synth 8-3332] Sequential element (gen_upsizer.gen_full_upsizer.axi_upsizer_inst/si_register_slice_inst/w.w_pipe/skid_buffer_reg[119]) is unused and will be removed from module axi_dwidth_converter_v2_1_17_top.
INFO: [Synth 8-3332] Sequential element (gen_upsizer.gen_full_upsizer.axi_upsizer_inst/si_register_slice_inst/w.w_pipe/skid_buffer_reg[118]) is unused and will be removed from module axi_dwidth_converter_v2_1_17_top.
INFO: [Synth 8-3332] Sequential element (gen_upsizer.gen_full_upsizer.axi_upsizer_inst/si_register_slice_inst/w.w_pipe/skid_buffer_reg[117]) is unused and will be removed from module axi_dwidth_converter_v2_1_17_top.
INFO: [Synth 8-3332] Sequential element (gen_upsizer.gen_full_upsizer.axi_upsizer_inst/si_register_slice_inst/w.w_pipe/skid_buffer_reg[116]) is unused and will be removed from module axi_dwidth_converter_v2_1_17_top.
INFO: [Synth 8-3332] Sequential element (gen_upsizer.gen_full_upsizer.axi_upsizer_inst/si_register_slice_inst/w.w_pipe/skid_buffer_reg[115]) is unused and will be removed from module axi_dwidth_converter_v2_1_17_top.
INFO: [Synth 8-3332] Sequential element (gen_upsizer.gen_full_upsizer.axi_upsizer_inst/si_register_slice_inst/w.w_pipe/skid_buffer_reg[114]) is unused and will be removed from module axi_dwidth_converter_v2_1_17_top.
INFO: [Synth 8-3332] Sequential element (gen_upsizer.gen_full_upsizer.axi_upsizer_inst/si_register_slice_inst/w.w_pipe/skid_buffer_reg[113]) is unused and will be removed from module axi_dwidth_converter_v2_1_17_top.
INFO: [Synth 8-3332] Sequential element (gen_upsizer.gen_full_upsizer.axi_upsizer_inst/si_register_slice_inst/w.w_pipe/skid_buffer_reg[112]) is unused and will be removed from module axi_dwidth_converter_v2_1_17_top.
INFO: [Synth 8-3332] Sequential element (gen_upsizer.gen_full_upsizer.axi_upsizer_inst/si_register_slice_inst/w.w_pipe/skid_buffer_reg[111]) is unused and will be removed from module axi_dwidth_converter_v2_1_17_top.
INFO: [Synth 8-3332] Sequential element (gen_upsizer.gen_full_upsizer.axi_upsizer_inst/si_register_slice_inst/w.w_pipe/skid_buffer_reg[110]) is unused and will be removed from module axi_dwidth_converter_v2_1_17_top.
INFO: [Synth 8-3332] Sequential element (gen_upsizer.gen_full_upsizer.axi_upsizer_inst/si_register_slice_inst/w.w_pipe/skid_buffer_reg[109]) is unused and will be removed from module axi_dwidth_converter_v2_1_17_top.
INFO: [Synth 8-3332] Sequential element (gen_upsizer.gen_full_upsizer.axi_upsizer_inst/si_register_slice_inst/w.w_pipe/skid_buffer_reg[108]) is unused and will be removed from module axi_dwidth_converter_v2_1_17_top.
INFO: [Synth 8-3332] Sequential element (gen_upsizer.gen_full_upsizer.axi_upsizer_inst/si_register_slice_inst/w.w_pipe/skid_buffer_reg[107]) is unused and will be removed from module axi_dwidth_converter_v2_1_17_top.
INFO: [Synth 8-3332] Sequential element (gen_upsizer.gen_full_upsizer.axi_upsizer_inst/si_register_slice_inst/w.w_pipe/skid_buffer_reg[106]) is unused and will be removed from module axi_dwidth_converter_v2_1_17_top.
INFO: [Synth 8-3332] Sequential element (gen_upsizer.gen_full_upsizer.axi_upsizer_inst/si_register_slice_inst/w.w_pipe/skid_buffer_reg[105]) is unused and will be removed from module axi_dwidth_converter_v2_1_17_top.
INFO: [Synth 8-3332] Sequential element (gen_upsizer.gen_full_upsizer.axi_upsizer_inst/si_register_slice_inst/w.w_pipe/skid_buffer_reg[104]) is unused and will be removed from module axi_dwidth_converter_v2_1_17_top.
INFO: [Synth 8-3332] Sequential element (gen_upsizer.gen_full_upsizer.axi_upsizer_inst/si_register_slice_inst/w.w_pipe/skid_buffer_reg[103]) is unused and will be removed from module axi_dwidth_converter_v2_1_17_top.
INFO: [Synth 8-3332] Sequential element (gen_upsizer.gen_full_upsizer.axi_upsizer_inst/si_register_slice_inst/w.w_pipe/skid_buffer_reg[102]) is unused and will be removed from module axi_dwidth_converter_v2_1_17_top.
INFO: [Synth 8-3332] Sequential element (gen_upsizer.gen_full_upsizer.axi_upsizer_inst/si_register_slice_inst/w.w_pipe/skid_buffer_reg[101]) is unused and will be removed from module axi_dwidth_converter_v2_1_17_top.
INFO: [Synth 8-3332] Sequential element (gen_upsizer.gen_full_upsizer.axi_upsizer_inst/si_register_slice_inst/w.w_pipe/skid_buffer_reg[100]) is unused and will be removed from module axi_dwidth_converter_v2_1_17_top.
INFO: [Synth 8-3332] Sequential element (gen_upsizer.gen_full_upsizer.axi_upsizer_inst/si_register_slice_inst/w.w_pipe/skid_buffer_reg[99]) is unused and will be removed from module axi_dwidth_converter_v2_1_17_top.
INFO: [Synth 8-3332] Sequential element (gen_upsizer.gen_full_upsizer.axi_upsizer_inst/si_register_slice_inst/w.w_pipe/skid_buffer_reg[98]) is unused and will be removed from module axi_dwidth_converter_v2_1_17_top.
INFO: [Synth 8-3332] Sequential element (gen_upsizer.gen_full_upsizer.axi_upsizer_inst/si_register_slice_inst/w.w_pipe/skid_buffer_reg[97]) is unused and will be removed from module axi_dwidth_converter_v2_1_17_top.
INFO: [Synth 8-3332] Sequential element (gen_upsizer.gen_full_upsizer.axi_upsizer_inst/si_register_slice_inst/w.w_pipe/skid_buffer_reg[96]) is unused and will be removed from module axi_dwidth_converter_v2_1_17_top.
INFO: [Synth 8-3332] Sequential element (gen_upsizer.gen_full_upsizer.axi_upsizer_inst/si_register_slice_inst/w.w_pipe/skid_buffer_reg[95]) is unused and will be removed from module axi_dwidth_converter_v2_1_17_top.
INFO: [Synth 8-3332] Sequential element (gen_upsizer.gen_full_upsizer.axi_upsizer_inst/si_register_slice_inst/w.w_pipe/skid_buffer_reg[94]) is unused and will be removed from module axi_dwidth_converter_v2_1_17_top.
INFO: [Synth 8-3332] Sequential element (gen_upsizer.gen_full_upsizer.axi_upsizer_inst/si_register_slice_inst/w.w_pipe/skid_buffer_reg[93]) is unused and will be removed from module axi_dwidth_converter_v2_1_17_top.
INFO: [Synth 8-3332] Sequential element (gen_upsizer.gen_full_upsizer.axi_upsizer_inst/si_register_slice_inst/w.w_pipe/skid_buffer_reg[92]) is unused and will be removed from module axi_dwidth_converter_v2_1_17_top.
INFO: [Synth 8-3332] Sequential element (gen_upsizer.gen_full_upsizer.axi_upsizer_inst/si_register_slice_inst/w.w_pipe/skid_buffer_reg[91]) is unused and will be removed from module axi_dwidth_converter_v2_1_17_top.
INFO: [Synth 8-3332] Sequential element (gen_upsizer.gen_full_upsizer.axi_upsizer_inst/si_register_slice_inst/w.w_pipe/skid_buffer_reg[90]) is unused and will be removed from module axi_dwidth_converter_v2_1_17_top.
INFO: [Synth 8-3332] Sequential element (gen_upsizer.gen_full_upsizer.axi_upsizer_inst/si_register_slice_inst/w.w_pipe/skid_buffer_reg[89]) is unused and will be removed from module axi_dwidth_converter_v2_1_17_top.
INFO: [Synth 8-3332] Sequential element (gen_upsizer.gen_full_upsizer.axi_upsizer_inst/si_register_slice_inst/w.w_pipe/skid_buffer_reg[88]) is unused and will be removed from module axi_dwidth_converter_v2_1_17_top.
INFO: [Synth 8-3332] Sequential element (gen_upsizer.gen_full_upsizer.axi_upsizer_inst/si_register_slice_inst/w.w_pipe/skid_buffer_reg[87]) is unused and will be removed from module axi_dwidth_converter_v2_1_17_top.
INFO: [Synth 8-3332] Sequential element (gen_upsizer.gen_full_upsizer.axi_upsizer_inst/si_register_slice_inst/w.w_pipe/skid_buffer_reg[86]) is unused and will be removed from module axi_dwidth_converter_v2_1_17_top.
INFO: [Synth 8-3332] Sequential element (gen_upsizer.gen_full_upsizer.axi_upsizer_inst/si_register_slice_inst/w.w_pipe/skid_buffer_reg[85]) is unused and will be removed from module axi_dwidth_converter_v2_1_17_top.
INFO: [Synth 8-3332] Sequential element (gen_upsizer.gen_full_upsizer.axi_upsizer_inst/si_register_slice_inst/w.w_pipe/skid_buffer_reg[84]) is unused and will be removed from module axi_dwidth_converter_v2_1_17_top.
INFO: [Synth 8-3332] Sequential element (gen_upsizer.gen_full_upsizer.axi_upsizer_inst/si_register_slice_inst/w.w_pipe/skid_buffer_reg[83]) is unused and will be removed from module axi_dwidth_converter_v2_1_17_top.
INFO: [Synth 8-3332] Sequential element (gen_upsizer.gen_full_upsizer.axi_upsizer_inst/si_register_slice_inst/w.w_pipe/skid_buffer_reg[82]) is unused and will be removed from module axi_dwidth_converter_v2_1_17_top.
INFO: [Synth 8-3332] Sequential element (gen_upsizer.gen_full_upsizer.axi_upsizer_inst/si_register_slice_inst/w.w_pipe/skid_buffer_reg[81]) is unused and will be removed from module axi_dwidth_converter_v2_1_17_top.
INFO: [Synth 8-3332] Sequential element (gen_upsizer.gen_full_upsizer.axi_upsizer_inst/si_register_slice_inst/w.w_pipe/skid_buffer_reg[80]) is unused and will be removed from module axi_dwidth_converter_v2_1_17_top.
INFO: [Synth 8-3332] Sequential element (gen_upsizer.gen_full_upsizer.axi_upsizer_inst/si_register_slice_inst/w.w_pipe/skid_buffer_reg[79]) is unused and will be removed from module axi_dwidth_converter_v2_1_17_top.
INFO: [Synth 8-3332] Sequential element (gen_upsizer.gen_full_upsizer.axi_upsizer_inst/si_register_slice_inst/w.w_pipe/skid_buffer_reg[78]) is unused and will be removed from module axi_dwidth_converter_v2_1_17_top.
INFO: [Synth 8-3332] Sequential element (gen_upsizer.gen_full_upsizer.axi_upsizer_inst/si_register_slice_inst/w.w_pipe/skid_buffer_reg[77]) is unused and will be removed from module axi_dwidth_converter_v2_1_17_top.
INFO: [Synth 8-3332] Sequential element (gen_upsizer.gen_full_upsizer.axi_upsizer_inst/si_register_slice_inst/w.w_pipe/skid_buffer_reg[76]) is unused and will be removed from module axi_dwidth_converter_v2_1_17_top.
INFO: [Synth 8-3332] Sequential element (gen_upsizer.gen_full_upsizer.axi_upsizer_inst/si_register_slice_inst/w.w_pipe/skid_buffer_reg[75]) is unused and will be removed from module axi_dwidth_converter_v2_1_17_top.
INFO: [Synth 8-3332] Sequential element (gen_upsizer.gen_full_upsizer.axi_upsizer_inst/si_register_slice_inst/w.w_pipe/skid_buffer_reg[74]) is unused and will be removed from module axi_dwidth_converter_v2_1_17_top.
INFO: [Synth 8-3332] Sequential element (gen_upsizer.gen_full_upsizer.axi_upsizer_inst/si_register_slice_inst/w.w_pipe/skid_buffer_reg[73]) is unused and will be removed from module axi_dwidth_converter_v2_1_17_top.
INFO: [Synth 8-3332] Sequential element (gen_upsizer.gen_full_upsizer.axi_upsizer_inst/si_register_slice_inst/w.w_pipe/skid_buffer_reg[72]) is unused and will be removed from module axi_dwidth_converter_v2_1_17_top.
INFO: [Synth 8-3332] Sequential element (gen_upsizer.gen_full_upsizer.axi_upsizer_inst/si_register_slice_inst/w.w_pipe/skid_buffer_reg[71]) is unused and will be removed from module axi_dwidth_converter_v2_1_17_top.
INFO: [Synth 8-3332] Sequential element (gen_upsizer.gen_full_upsizer.axi_upsizer_inst/si_register_slice_inst/w.w_pipe/skid_buffer_reg[70]) is unused and will be removed from module axi_dwidth_converter_v2_1_17_top.
INFO: [Synth 8-3332] Sequential element (gen_upsizer.gen_full_upsizer.axi_upsizer_inst/si_register_slice_inst/w.w_pipe/skid_buffer_reg[69]) is unused and will be removed from module axi_dwidth_converter_v2_1_17_top.
INFO: [Synth 8-3332] Sequential element (gen_upsizer.gen_full_upsizer.axi_upsizer_inst/si_register_slice_inst/w.w_pipe/skid_buffer_reg[68]) is unused and will be removed from module axi_dwidth_converter_v2_1_17_top.
INFO: [Synth 8-3332] Sequential element (gen_upsizer.gen_full_upsizer.axi_upsizer_inst/si_register_slice_inst/w.w_pipe/skid_buffer_reg[67]) is unused and will be removed from module axi_dwidth_converter_v2_1_17_top.
INFO: [Synth 8-3332] Sequential element (gen_upsizer.gen_full_upsizer.axi_upsizer_inst/si_register_slice_inst/w.w_pipe/skid_buffer_reg[66]) is unused and will be removed from module axi_dwidth_converter_v2_1_17_top.
INFO: [Synth 8-3332] Sequential element (gen_upsizer.gen_full_upsizer.axi_upsizer_inst/si_register_slice_inst/w.w_pipe/skid_buffer_reg[65]) is unused and will be removed from module axi_dwidth_converter_v2_1_17_top.
INFO: [Synth 8-3332] Sequential element (gen_upsizer.gen_full_upsizer.axi_upsizer_inst/si_register_slice_inst/w.w_pipe/skid_buffer_reg[64]) is unused and will be removed from module axi_dwidth_converter_v2_1_17_top.
INFO: [Synth 8-3332] Sequential element (gen_upsizer.gen_full_upsizer.axi_upsizer_inst/si_register_slice_inst/w.w_pipe/skid_buffer_reg[63]) is unused and will be removed from module axi_dwidth_converter_v2_1_17_top.
INFO: [Synth 8-3332] Sequential element (gen_upsizer.gen_full_upsizer.axi_upsizer_inst/si_register_slice_inst/w.w_pipe/skid_buffer_reg[62]) is unused and will be removed from module axi_dwidth_converter_v2_1_17_top.
INFO: [Synth 8-3332] Sequential element (gen_upsizer.gen_full_upsizer.axi_upsizer_inst/si_register_slice_inst/w.w_pipe/skid_buffer_reg[61]) is unused and will be removed from module axi_dwidth_converter_v2_1_17_top.
INFO: [Synth 8-3332] Sequential element (gen_upsizer.gen_full_upsizer.axi_upsizer_inst/si_register_slice_inst/w.w_pipe/skid_buffer_reg[60]) is unused and will be removed from module axi_dwidth_converter_v2_1_17_top.
INFO: [Synth 8-3332] Sequential element (gen_upsizer.gen_full_upsizer.axi_upsizer_inst/si_register_slice_inst/w.w_pipe/skid_buffer_reg[59]) is unused and will be removed from module axi_dwidth_converter_v2_1_17_top.
INFO: [Synth 8-3332] Sequential element (gen_upsizer.gen_full_upsizer.axi_upsizer_inst/si_register_slice_inst/w.w_pipe/skid_buffer_reg[58]) is unused and will be removed from module axi_dwidth_converter_v2_1_17_top.
INFO: [Synth 8-3332] Sequential element (gen_upsizer.gen_full_upsizer.axi_upsizer_inst/si_register_slice_inst/w.w_pipe/skid_buffer_reg[57]) is unused and will be removed from module axi_dwidth_converter_v2_1_17_top.
INFO: [Synth 8-3332] Sequential element (gen_upsizer.gen_full_upsizer.axi_upsizer_inst/si_register_slice_inst/w.w_pipe/skid_buffer_reg[56]) is unused and will be removed from module axi_dwidth_converter_v2_1_17_top.
INFO: [Synth 8-3332] Sequential element (gen_upsizer.gen_full_upsizer.axi_upsizer_inst/si_register_slice_inst/w.w_pipe/skid_buffer_reg[55]) is unused and will be removed from module axi_dwidth_converter_v2_1_17_top.
INFO: [Synth 8-3332] Sequential element (gen_upsizer.gen_full_upsizer.axi_upsizer_inst/si_register_slice_inst/w.w_pipe/skid_buffer_reg[54]) is unused and will be removed from module axi_dwidth_converter_v2_1_17_top.
INFO: [Common 17-14] Message 'Synth 8-3332' appears 100 times and further instances of the messages will be disabled. Use the Tcl command set_msg_config to change the current settings.
---------------------------------------------------------------------------------
Finished Cross Boundary and Area Optimization : Time (s): cpu = 00:01:51 ; elapsed = 00:02:11 . Memory (MB): peak = 886.645 ; gain = 568.059
---------------------------------------------------------------------------------

Report RTL Partitions: 
+-+--------------+------------+----------+
| |RTL Partition |Replication |Instances |
+-+--------------+------------+----------+
+-+--------------+------------+----------+
---------------------------------------------------------------------------------
Start Applying XDC Timing Constraints
---------------------------------------------------------------------------------
---------------------------------------------------------------------------------
Finished Applying XDC Timing Constraints : Time (s): cpu = 00:02:01 ; elapsed = 00:02:21 . Memory (MB): peak = 886.645 ; gain = 568.059
---------------------------------------------------------------------------------
---------------------------------------------------------------------------------
Start Timing Optimization
---------------------------------------------------------------------------------
---------------------------------------------------------------------------------
Finished Timing Optimization : Time (s): cpu = 00:02:02 ; elapsed = 00:02:22 . Memory (MB): peak = 886.645 ; gain = 568.059
---------------------------------------------------------------------------------

Report RTL Partitions: 
+-+--------------+------------+----------+
| |RTL Partition |Replication |Instances |
+-+--------------+------------+----------+
+-+--------------+------------+----------+
---------------------------------------------------------------------------------
Start Technology Mapping
---------------------------------------------------------------------------------
---------------------------------------------------------------------------------
Finished Technology Mapping : Time (s): cpu = 00:02:03 ; elapsed = 00:02:23 . Memory (MB): peak = 903.043 ; gain = 584.457
---------------------------------------------------------------------------------

Report RTL Partitions: 
+-+--------------+------------+----------+
| |RTL Partition |Replication |Instances |
+-+--------------+------------+----------+
+-+--------------+------------+----------+
---------------------------------------------------------------------------------
Start IO Insertion
---------------------------------------------------------------------------------
---------------------------------------------------------------------------------
Start Flattening Before IO Insertion
---------------------------------------------------------------------------------
---------------------------------------------------------------------------------
Finished Flattening Before IO Insertion
---------------------------------------------------------------------------------
---------------------------------------------------------------------------------
Start Final Netlist Cleanup
---------------------------------------------------------------------------------
---------------------------------------------------------------------------------
Finished Final Netlist Cleanup
---------------------------------------------------------------------------------
---------------------------------------------------------------------------------
Finished IO Insertion : Time (s): cpu = 00:02:04 ; elapsed = 00:02:24 . Memory (MB): peak = 903.043 ; gain = 584.457
---------------------------------------------------------------------------------

Report Check Netlist: 
+------+------------------+-------+---------+-------+------------------+
|      |Item              |Errors |Warnings |Status |Description       |
+------+------------------+-------+---------+-------+------------------+
|1     |multi_driven_nets |      0|        0|Passed |Multi driven nets |
+------+------------------+-------+---------+-------+------------------+
---------------------------------------------------------------------------------
Start Renaming Generated Instances
---------------------------------------------------------------------------------
---------------------------------------------------------------------------------
Finished Renaming Generated Instances : Time (s): cpu = 00:02:04 ; elapsed = 00:02:24 . Memory (MB): peak = 903.043 ; gain = 584.457
---------------------------------------------------------------------------------

Report RTL Partitions: 
+-+--------------+------------+----------+
| |RTL Partition |Replication |Instances |
+-+--------------+------------+----------+
+-+--------------+------------+----------+
---------------------------------------------------------------------------------
Start Rebuilding User Hierarchy
---------------------------------------------------------------------------------
---------------------------------------------------------------------------------
Finished Rebuilding User Hierarchy : Time (s): cpu = 00:02:04 ; elapsed = 00:02:24 . Memory (MB): peak = 903.043 ; gain = 584.457
---------------------------------------------------------------------------------
---------------------------------------------------------------------------------
Start Renaming Generated Ports
---------------------------------------------------------------------------------
---------------------------------------------------------------------------------
Finished Renaming Generated Ports : Time (s): cpu = 00:02:04 ; elapsed = 00:02:24 . Memory (MB): peak = 903.043 ; gain = 584.457
---------------------------------------------------------------------------------
---------------------------------------------------------------------------------
Start Handling Custom Attributes
---------------------------------------------------------------------------------
---------------------------------------------------------------------------------
Finished Handling Custom Attributes : Time (s): cpu = 00:02:04 ; elapsed = 00:02:25 . Memory (MB): peak = 903.043 ; gain = 584.457
---------------------------------------------------------------------------------
---------------------------------------------------------------------------------
Start Renaming Generated Nets
---------------------------------------------------------------------------------
---------------------------------------------------------------------------------
Finished Renaming Generated Nets : Time (s): cpu = 00:02:04 ; elapsed = 00:02:25 . Memory (MB): peak = 903.043 ; gain = 584.457
---------------------------------------------------------------------------------
---------------------------------------------------------------------------------
Start ROM, RAM, DSP and Shift Register Reporting
---------------------------------------------------------------------------------

Dynamic Shift Register Report:
+------------+-------------------------------+--------+------------+--------+---------+--------+--------+--------+
|Module Name | RTL Name                      | Length | Data Width | SRL16E | SRLC32E | Mux F7 | Mux F8 | Mux F9 | 
+------------+-------------------------------+--------+------------+--------+---------+--------+--------+--------+
|dsrl        | USE_RTL_FIFO.data_srl_reg[31] | 42     | 42         | 0      | 42      | 0      | 0      | 0      | 
|dsrl__1     | USE_RTL_FIFO.data_srl_reg[31] | 42     | 42         | 0      | 42      | 0      | 0      | 0      | 
+------------+-------------------------------+--------+------------+--------+---------+--------+--------+--------+

---------------------------------------------------------------------------------
Finished ROM, RAM, DSP and Shift Register Reporting
---------------------------------------------------------------------------------
---------------------------------------------------------------------------------
Start Writing Synthesis Report
---------------------------------------------------------------------------------

Report BlackBoxes: 
+-+--------------+----------+
| |BlackBox name |Instances |
+-+--------------+----------+
+-+--------------+----------+

Report Cell Usage: 
+------+--------+------+
|      |Cell    |Count |
+------+--------+------+
|1     |CARRY4  |     1|
|2     |LUT1    |     3|
|3     |LUT2    |    21|
|4     |LUT3    |    56|
|5     |LUT4    |    21|
|6     |LUT5    |   343|
|7     |LUT6    |   149|
|8     |SRLC32E |    38|
|9     |FDRE    |   709|
|10    |FDSE    |     2|
+------+--------+------+

Report Instance Areas: 
+------+---------------------------------------------------------+-----------------------------------------------+------+
|      |Instance                                                 |Module                                         |Cells |
+------+---------------------------------------------------------+-----------------------------------------------+------+
|1     |top                                                      |                                               |  1343|
|2     |  inst                                                   |axi_dwidth_converter_v2_1_17_top               |  1343|
|3     |    \gen_upsizer.gen_full_upsizer.axi_upsizer_inst       |axi_dwidth_converter_v2_1_17_axi_upsizer       |  1343|
|4     |      \USE_WRITE.gen_non_fifo_w_upsizer.write_data_inst  |axi_dwidth_converter_v2_1_17_w_upsizer         |   684|
|5     |      \USE_WRITE.write_addr_inst                         |axi_dwidth_converter_v2_1_17_a_upsizer         |   467|
|6     |        \GEN_CMD_QUEUE.cmd_queue                         |generic_baseblocks_v2_1_0_command_fifo         |   465|
|7     |      si_register_slice_inst                             |axi_register_slice_v2_1_17_axi_register_slice  |   192|
|8     |        \aw.aw_pipe                                      |axi_register_slice_v2_1_17_axic_register_slice |   192|
+------+---------------------------------------------------------+-----------------------------------------------+------+
---------------------------------------------------------------------------------
Finished Writing Synthesis Report : Time (s): cpu = 00:02:04 ; elapsed = 00:02:25 . Memory (MB): peak = 903.043 ; gain = 584.457
---------------------------------------------------------------------------------
Synthesis finished with 0 errors, 0 critical warnings and 277 warnings.
Synthesis Optimization Runtime : Time (s): cpu = 00:00:22 ; elapsed = 00:02:05 . Memory (MB): peak = 903.043 ; gain = 287.789
Synthesis Optimization Complete : Time (s): cpu = 00:02:04 ; elapsed = 00:02:25 . Memory (MB): peak = 903.043 ; gain = 584.457
INFO: [Project 1-571] Translating synthesized netlist
INFO: [Netlist 29-17] Analyzing 1 Unisim elements for replacement
INFO: [Netlist 29-28] Unisim Transformation completed in 0 CPU seconds
INFO: [Project 1-570] Preparing netlist for logic optimization
INFO: [Opt 31-138] Pushed 0 inverter(s) to 0 load pin(s).
INFO: [Project 1-111] Unisim Transformation Summary:
No Unisim elements were transformed.

INFO: [Common 17-83] Releasing license: Synthesis
146 Infos, 103 Warnings, 0 Critical Warnings and 0 Errors encountered.
synth_design completed successfully
synth_design: Time (s): cpu = 00:02:08 ; elapsed = 00:02:28 . Memory (MB): peak = 903.043 ; gain = 595.922
WARNING: [Constraints 18-5210] No constraint will be written out.
INFO: [Common 17-1381] The checkpoint 'C:/Users/Tristan/Desktop/Nexys-Video-HDMI-master/proj/Nexys-Video-HDMI-master.runs/hdmi_auto_us_1_synth_1/hdmi_auto_us_1.dcp' has been generated.
