Copyright 1986-2018 Xilinx, Inc. All Rights Reserved.
------------------------------------------------------------------------------------
| Tool Version : Vivado v.2018.2 (win64) Build 2258646 Thu Jun 14 20:03:12 MDT 2018
| Date         : Tue Mar 26 12:26:53 2019
| Host         : DESKTOP-GD2UNUH running 64-bit major release  (build 9200)
| Command      : upgrade_ip
| Device       : xc7a200tsbg484-1
------------------------------------------------------------------------------------

Upgrade Log for IP 'hdmi_motion_detection_0_0'

1. Summary
----------

SUCCESS in the upgrade of hdmi_motion_detection_0_0 (xilinx.com:user:motion_detection:1.0) from (Rev. 15) to (Rev. 16)






Copyright 1986-2018 Xilinx, Inc. All Rights Reserved.
------------------------------------------------------------------------------------
| Tool Version : Vivado v.2018.2 (win64) Build 2258646 Thu Jun 14 20:03:12 MDT 2018
| Date         : Tue Mar 26 05:07:02 2019
| Host         : DESKTOP-GD2UNUH running 64-bit major release  (build 9200)
| Command      : upgrade_ip
| Device       : xc7a200tsbg484-1
------------------------------------------------------------------------------------

Upgrade Log for IP 'hdmi_motion_detection_0_0'

1. Summary
----------

SUCCESS in the upgrade of hdmi_motion_detection_0_0 (xilinx.com:user:motion_detection:1.0) from (Rev. 14) to (Rev. 15)






Copyright 1986-2018 Xilinx, Inc. All Rights Reserved.
------------------------------------------------------------------------------------
| Tool Version : Vivado v.2018.2 (win64) Build 2258646 Thu Jun 14 20:03:12 MDT 2018
| Date         : Tue Mar 26 04:33:39 2019
| Host         : DESKTOP-GD2UNUH running 64-bit major release  (build 9200)
| Command      : upgrade_ip
| Device       : xc7a200tsbg484-1
------------------------------------------------------------------------------------

Upgrade Log for IP 'hdmi_motion_detection_0_0'

1. Summary
----------

CAUTION (success, with warnings) in the upgrade of hdmi_motion_detection_0_0 (xilinx.com:user:motion_detection:1.0) from (Rev. 13) to (Rev. 14)

After upgrade, an IP may have parameter and port differences compared to the original customization. Please review the parameters within the IP customization GUI to ensure proper functionality. Also, please review the updated IP instantiation template to ensure proper connectivity, and update your design if required.

2. Interface Information
------------------------

Detected external interface differences while upgrading 'hdmi_motion_detection_0_0'.


-Upgrade has added interface 'S2MM_AXIS' (xilinx.com:interface:axis:1.0)


3. Connection Warnings
----------------------

Detected external port differences while upgrading 'hdmi_motion_detection_0_0'. These changes may impact your design.


-Upgraded port 'state' width 5 differs from original width 4

-Upgrade has added port 'S_AXI_S2MM_TDATA'

-Upgrade has added port 'S_AXI_S2MM_TKEEP'

-Upgrade has added port 'S_AXI_S2MM_TLAST'

-Upgrade has added port 'S_AXI_S2MM_TREADY'

-Upgrade has added port 'S_AXI_S2MM_TVALID'


4. Customization warnings
-------------------------

Parameter 'transfer_length_offst' is no longer present on the upgraded IP 'hdmi_motion_detection_0_0', and cannot be set to '0x00000028'

Parameter 'addr_offset' is no longer present on the upgraded IP 'hdmi_motion_detection_0_0', and cannot be set to '0x00000018'


5. Debug Commands
-----------------

  The following debug information can be passed to Vivado as Tcl commands,
in order to validate or debug the output of the upgrade flow.
  You may consult any warnings from within this upgrade, and alter or remove
the configuration parameter(s) which caused the warning; then execute the Tcl
commands, and use the IP Customization GUI to verify the IP configuration.

create_ip -vlnv xilinx.com:user:motion_detection:1.0 -user_name hdmi_motion_detection_0_0
set_property -dict "\
  CONFIG.Component_Name {hdmi_motion_detection_0_0} \
  CONFIG.M_AXI.ADDR_WIDTH {32} \
  CONFIG.M_AXI.ARUSER_WIDTH {0} \
  CONFIG.M_AXI.AWUSER_WIDTH {0} \
  CONFIG.M_AXI.BUSER_WIDTH {0} \
  CONFIG.M_AXI.CLK_DOMAIN {hdmi_mig_7series_0_0_ui_clk} \
  CONFIG.M_AXI.DATA_WIDTH {32} \
  CONFIG.M_AXI.FREQ_HZ {100000000} \
  CONFIG.M_AXI.HAS_BRESP {1} \
  CONFIG.M_AXI.HAS_BURST {0} \
  CONFIG.M_AXI.HAS_CACHE {0} \
  CONFIG.M_AXI.HAS_LOCK {0} \
  CONFIG.M_AXI.HAS_PROT {0} \
  CONFIG.M_AXI.HAS_QOS {0} \
  CONFIG.M_AXI.HAS_REGION {0} \
  CONFIG.M_AXI.HAS_RRESP {1} \
  CONFIG.M_AXI.HAS_WSTRB {1} \
  CONFIG.M_AXI.ID_WIDTH {0} \
  CONFIG.M_AXI.MAX_BURST_LENGTH {1} \
  CONFIG.M_AXI.NUM_READ_OUTSTANDING {1} \
  CONFIG.M_AXI.NUM_READ_THREADS {1} \
  CONFIG.M_AXI.NUM_WRITE_OUTSTANDING {1} \
  CONFIG.M_AXI.NUM_WRITE_THREADS {1} \
  CONFIG.M_AXI.PHASE {0} \
  CONFIG.M_AXI.PROTOCOL {AXI4LITE} \
  CONFIG.M_AXI.READ_WRITE_MODE {READ_WRITE} \
  CONFIG.M_AXI.RUSER_BITS_PER_BYTE {0} \
  CONFIG.M_AXI.RUSER_WIDTH {0} \
  CONFIG.M_AXI.SUPPORTS_NARROW_BURST {0} \
  CONFIG.M_AXI.WUSER_BITS_PER_BYTE {0} \
  CONFIG.M_AXI.WUSER_WIDTH {0} \
  CONFIG.S_AXI.CLK_DOMAIN {hdmi_mig_7series_0_0_ui_clk} \
  CONFIG.S_AXI.FREQ_HZ {100000000} \
  CONFIG.S_AXI.HAS_TKEEP {1} \
  CONFIG.S_AXI.HAS_TLAST {1} \
  CONFIG.S_AXI.HAS_TREADY {1} \
  CONFIG.S_AXI.HAS_TSTRB {0} \
  CONFIG.S_AXI.LAYERED_METADATA {undef} \
  CONFIG.S_AXI.PHASE {0} \
  CONFIG.S_AXI.TDATA_NUM_BYTES {4} \
  CONFIG.S_AXI.TDEST_WIDTH {0} \
  CONFIG.S_AXI.TID_WIDTH {0} \
  CONFIG.S_AXI.TUSER_WIDTH {0} \
  CONFIG.S_AXI_LITE.ADDR_WIDTH {32} \
  CONFIG.S_AXI_LITE.ARUSER_WIDTH {0} \
  CONFIG.S_AXI_LITE.AWUSER_WIDTH {0} \
  CONFIG.S_AXI_LITE.BUSER_WIDTH {0} \
  CONFIG.S_AXI_LITE.CLK_DOMAIN {hdmi_mig_7series_0_0_ui_clk} \
  CONFIG.S_AXI_LITE.DATA_WIDTH {32} \
  CONFIG.S_AXI_LITE.FREQ_HZ {100000000} \
  CONFIG.S_AXI_LITE.HAS_BRESP {1} \
  CONFIG.S_AXI_LITE.HAS_BURST {0} \
  CONFIG.S_AXI_LITE.HAS_CACHE {0} \
  CONFIG.S_AXI_LITE.HAS_LOCK {0} \
  CONFIG.S_AXI_LITE.HAS_PROT {0} \
  CONFIG.S_AXI_LITE.HAS_QOS {0} \
  CONFIG.S_AXI_LITE.HAS_REGION {0} \
  CONFIG.S_AXI_LITE.HAS_RRESP {1} \
  CONFIG.S_AXI_LITE.HAS_WSTRB {1} \
  CONFIG.S_AXI_LITE.ID_WIDTH {0} \
  CONFIG.S_AXI_LITE.MAX_BURST_LENGTH {1} \
  CONFIG.S_AXI_LITE.NUM_READ_OUTSTANDING {} \
  CONFIG.S_AXI_LITE.NUM_READ_THREADS {1} \
  CONFIG.S_AXI_LITE.NUM_WRITE_OUTSTANDING {} \
  CONFIG.S_AXI_LITE.NUM_WRITE_THREADS {1} \
  CONFIG.S_AXI_LITE.PHASE {0} \
  CONFIG.S_AXI_LITE.PROTOCOL {AXI4LITE} \
  CONFIG.S_AXI_LITE.READ_WRITE_MODE {READ_WRITE} \
  CONFIG.S_AXI_LITE.RUSER_BITS_PER_BYTE {0} \
  CONFIG.S_AXI_LITE.RUSER_WIDTH {0} \
  CONFIG.S_AXI_LITE.SUPPORTS_NARROW_BURST {0} \
  CONFIG.S_AXI_LITE.WUSER_BITS_PER_BYTE {0} \
  CONFIG.S_AXI_LITE.WUSER_WIDTH {0} \
  CONFIG.aclk.ASSOCIATED_BUSIF {S_AXI:M_AXI:S_AXI_LITE} \
  CONFIG.aclk.ASSOCIATED_RESET {aresetn} \
  CONFIG.aclk.CLK_DOMAIN {hdmi_mig_7series_0_0_ui_clk} \
  CONFIG.aclk.FREQ_HZ {100000000} \
  CONFIG.aclk.PHASE {0} \
  CONFIG.aresetn.POLARITY {ACTIVE_LOW} \
  CONFIG.delayBetweenFrames {"0111"} \
  CONFIG.initRead1 {"0001"} \
  CONFIG.initRead2 {"0011"} \
  CONFIG.read1 {"0010"} \
  CONFIG.read2 {"0100"} \
  CONFIG.resetS {"0000"} \
  CONFIG.waitforClear {"0101"} " [get_ips hdmi_motion_detection_0_0]







Copyright 1986-2018 Xilinx, Inc. All Rights Reserved.
------------------------------------------------------------------------------------
| Tool Version : Vivado v.2018.2 (win64) Build 2258646 Thu Jun 14 20:03:12 MDT 2018
| Date         : Wed Mar 13 11:12:26 2019
| Host         : DESKTOP-GD2UNUH running 64-bit major release  (build 9200)
| Command      : upgrade_ip
| Device       : xc7a200tsbg484-1
------------------------------------------------------------------------------------

Upgrade Log for IP 'hdmi_motion_detection_0_0'

1. Summary
----------

SUCCESS in the upgrade of hdmi_motion_detection_0_0 (xilinx.com:user:motion_detection:1.0) from (Rev. 12) to (Rev. 13)






Copyright 1986-2018 Xilinx, Inc. All Rights Reserved.
------------------------------------------------------------------------------------
| Tool Version : Vivado v.2018.2 (win64) Build 2258646 Thu Jun 14 20:03:12 MDT 2018
| Date         : Tue Mar 12 15:25:26 2019
| Host         : DESKTOP-GD2UNUH running 64-bit major release  (build 9200)
| Command      : upgrade_ip
| Device       : xc7a200tsbg484-1
------------------------------------------------------------------------------------

Upgrade Log for IP 'hdmi_motion_detection_0_0'

1. Summary
----------

SUCCESS in the upgrade of hdmi_motion_detection_0_0 (xilinx.com:user:motion_detection:1.0) from (Rev. 11) to (Rev. 12)






Copyright 1986-2018 Xilinx, Inc. All Rights Reserved.
------------------------------------------------------------------------------------
| Tool Version : Vivado v.2018.2 (win64) Build 2258646 Thu Jun 14 20:03:12 MDT 2018
| Date         : Tue Mar 12 12:00:02 2019
| Host         : DESKTOP-GD2UNUH running 64-bit major release  (build 9200)
| Command      : upgrade_ip
| Device       : xc7a200tsbg484-1
------------------------------------------------------------------------------------

Upgrade Log for IP 'hdmi_motion_detection_0_0'

1. Summary
----------

SUCCESS in the upgrade of hdmi_motion_detection_0_0 (xilinx.com:user:motion_detection:1.0) from (Rev. 9) to (Rev. 11)






Copyright 1986-2018 Xilinx, Inc. All Rights Reserved.
------------------------------------------------------------------------------------
| Tool Version : Vivado v.2018.2 (win64) Build 2258646 Thu Jun 14 20:03:12 MDT 2018
| Date         : Tue Mar 12 02:30:08 2019
| Host         : DESKTOP-GD2UNUH running 64-bit major release  (build 9200)
| Command      : upgrade_ip
| Device       : xc7a200tsbg484-1
------------------------------------------------------------------------------------

Upgrade Log for IP 'hdmi_motion_detection_0_0'

1. Summary
----------

SUCCESS in the upgrade of hdmi_motion_detection_0_0 (xilinx.com:user:motion_detection:1.0) from (Rev. 8) to (Rev. 9)






Copyright 1986-2018 Xilinx, Inc. All Rights Reserved.
------------------------------------------------------------------------------------
| Tool Version : Vivado v.2018.2 (win64) Build 2258646 Thu Jun 14 20:03:12 MDT 2018
| Date         : Tue Mar 12 02:00:20 2019
| Host         : DESKTOP-GD2UNUH running 64-bit major release  (build 9200)
| Command      : upgrade_ip
| Device       : xc7a200tsbg484-1
------------------------------------------------------------------------------------

Upgrade Log for IP 'hdmi_motion_detection_0_0'

1. Summary
----------

SUCCESS in the upgrade of hdmi_motion_detection_0_0 (xilinx.com:user:motion_detection:1.0) from (Rev. 7) to (Rev. 8)






Copyright 1986-2018 Xilinx, Inc. All Rights Reserved.
------------------------------------------------------------------------------------
| Tool Version : Vivado v.2018.2 (win64) Build 2258646 Thu Jun 14 20:03:12 MDT 2018
| Date         : Tue Mar 12 01:50:42 2019
| Host         : DESKTOP-GD2UNUH running 64-bit major release  (build 9200)
| Command      : upgrade_ip
| Device       : xc7a200tsbg484-1
------------------------------------------------------------------------------------

Upgrade Log for IP 'hdmi_motion_detection_0_0'

1. Summary
----------

SUCCESS in the upgrade of hdmi_motion_detection_0_0 (xilinx.com:user:motion_detection:1.0) from (Rev. 6) to (Rev. 7)






Copyright 1986-2018 Xilinx, Inc. All Rights Reserved.
------------------------------------------------------------------------------------
| Tool Version : Vivado v.2018.2 (win64) Build 2258646 Thu Jun 14 20:03:12 MDT 2018
| Date         : Tue Mar 12 00:57:51 2019
| Host         : DESKTOP-GD2UNUH running 64-bit major release  (build 9200)
| Command      : upgrade_ip
| Device       : xc7a200tsbg484-1
------------------------------------------------------------------------------------

Upgrade Log for IP 'hdmi_motion_detection_0_0'

1. Summary
----------

SUCCESS in the upgrade of hdmi_motion_detection_0_0 (xilinx.com:user:motion_detection:1.0) from (Rev. 5) to (Rev. 6)






Copyright 1986-2018 Xilinx, Inc. All Rights Reserved.
------------------------------------------------------------------------------------
| Tool Version : Vivado v.2018.2 (win64) Build 2258646 Thu Jun 14 20:03:12 MDT 2018
| Date         : Mon Mar 11 10:41:19 2019
| Host         : DESKTOP-GD2UNUH running 64-bit major release  (build 9200)
| Command      : upgrade_ip
| Device       : xc7a200tsbg484-1
------------------------------------------------------------------------------------

Upgrade Log for IP 'hdmi_motion_detection_0_0'

1. Summary
----------

SUCCESS in the upgrade of hdmi_motion_detection_0_0 (xilinx.com:user:motion_detection:1.0) from (Rev. 4) to (Rev. 5)






Copyright 1986-2018 Xilinx, Inc. All Rights Reserved.
------------------------------------------------------------------------------------
| Tool Version : Vivado v.2018.2 (win64) Build 2258646 Thu Jun 14 20:03:12 MDT 2018
| Date         : Sun Mar 10 21:23:16 2019
| Host         : DESKTOP-GD2UNUH running 64-bit major release  (build 9200)
| Command      : upgrade_ip
| Device       : xc7a200tsbg484-1
------------------------------------------------------------------------------------

Upgrade Log for IP 'hdmi_motion_detection_0_0'

1. Summary
----------

SUCCESS in the upgrade of hdmi_motion_detection_0_0 (xilinx.com:user:motion_detection:1.0) from (Rev. 3) to (Rev. 4)






Copyright 1986-2018 Xilinx, Inc. All Rights Reserved.
------------------------------------------------------------------------------------
| Tool Version : Vivado v.2018.2 (win64) Build 2258646 Thu Jun 14 20:03:12 MDT 2018
| Date         : Sun Mar 10 19:04:09 2019
| Host         : DESKTOP-GD2UNUH running 64-bit major release  (build 9200)
| Command      : upgrade_ip
| Device       : xc7a200tsbg484-1
------------------------------------------------------------------------------------

Upgrade Log for IP 'hdmi_motion_detection_0_0'

1. Summary
----------

SUCCESS in the upgrade of hdmi_motion_detection_0_0 (xilinx.com:user:motion_detection:1.0) from (Rev. 2) to (Rev. 3)






Copyright 1986-2018 Xilinx, Inc. All Rights Reserved.
------------------------------------------------------------------------------------
| Tool Version : Vivado v.2018.2 (win64) Build 2258646 Thu Jun 14 20:03:12 MDT 2018
| Date         : Sun Mar 10 18:48:26 2019
| Host         : DESKTOP-GD2UNUH running 64-bit major release  (build 9200)
| Command      : upgrade_ip
| Device       : xc7a200tsbg484-1
------------------------------------------------------------------------------------

Upgrade Log for IP 'hdmi_motion_detection_0_0'

1. Summary
----------

SUCCESS in the conversion of hdmi_motion_detection_0_0 (xilinx.com:user:motion_detection:1.0 (Rev. 2)) to Vivado generation flows.






Copyright 1986-2018 Xilinx, Inc. All Rights Reserved.
------------------------------------------------------------------------------------
| Tool Version : Vivado v.2018.2 (win64) Build 2258646 Thu Jun 14 20:03:12 MDT 2018
| Date         : Wed Mar  6 21:16:19 2019
| Host         : DESKTOP-GD2UNUH running 64-bit major release  (build 9200)
| Command      : upgrade_ip
| Device       : xc7a200tsbg484-1
------------------------------------------------------------------------------------

Upgrade Log for IP 'hdmi_motion_detection_0_0'

1. Summary
----------

SUCCESS in the conversion of hdmi_motion_detection_0_0 (xilinx.com:user:motion_detection:1.0 (Rev. 2)) to Vivado generation flows.

